13.7557 	WARNING 	User requested fullscreen with size [2560 1440], but screen is actually [1440, 900]. Using actual size
14.4559 	EXP 	Created window1 = Window(allowGUI=True, allowStencil=False, autoLog=True, backendConf=UNKNOWN, backgroundFit=<method-wrapper '__getattribute__' of attributeSetter object at 0x152667220>, backgroundImage=<method-wrapper '__getattribute__' of attributeSetter object at 0x152667280>, bitsMode=UNKNOWN, blendMode='avg', bpc=(8, 8, 8), color=array([-1, -1, -1]), colorSpace='rgb', depthBits=8, fullscr=<method-wrapper '__getattribute__' of attributeSetter object at 0x152667430>, gamma=None, gammaErrorPolicy='raise', lms=UNKNOWN, monitor=<psychopy.monitors.calibTools.Monitor object at 0x15283b130>, multiSample=False, name='window1', numSamples=2, pos=[360.0, 225.0], screen=0, size=array([2880, 1800]), stencilBits=0, stereo=False, title='PsychoPy', units='height', useFBO=True, useRetina=True, viewOri=0.0, viewPos=None, viewScale=None, waitBlanking=True, winType='pyglet')
14.4561 	EXP 	window1: mouseVisible = True
14.4561 	EXP 	window1: backgroundImage = None
14.4561 	EXP 	window1: backgroundFit = 'cover'
14.4569 	EXP 	window1: mouseVisible = False
14.4593 	EXP 	window1: Attempting to measure frame rate of screen (0) ...
14.4593 	EXP 	window1: recordFrameIntervals = False
14.6218 	EXP 	window1: recordFrameIntervals = True
14.8548 	EXP 	Screen (0) actual frame rate measured at 60.25Hz
14.8548 	EXP 	window1: recordFrameIntervals = False
17.6678 	EXP 	window1: mouseVisible = True
17.7217 	EXP 	Created GenInsText = TextStim(__class__=<class 'psychopy.visual.text.TextStim'>, alignHoriz=method-wrapper(...), alignText='center', alignVert=method-wrapper(...), anchorHoriz='center', anchorVert='center', antialias=True, autoDraw=False, autoLog=True, bold=False, color=array([1., 1., 1.]), colorSpace='rgb', contrast=1.0, depth=-1.0, draggable=False, flipHoriz=False, flipVert=False, font='Arial', fontFiles=[], height=0.04, italic=False, languageStyle='LTR', name='GenInsText', opacity=1.0, ori=0.0, pos=array([0., 0.]), rgb=UNKNOWN, text=str(...), units='height', win=Window(...), wrapWidth=1.6)
17.7218 	EXP 	window1: mouseVisible = True
17.7283 	EXP 	Created Reminder1 = TextStim(__class__=<class 'psychopy.visual.text.TextStim'>, alignHoriz=method-wrapper(...), alignText='center', alignVert=method-wrapper(...), anchorHoriz='center', anchorVert='center', antialias=True, autoDraw=False, autoLog=True, bold=False, color=array([1., 1., 1.]), colorSpace='rgb', contrast=1.0, depth=0.0, draggable=False, flipHoriz=False, flipVert=False, font='Arial', fontFiles=[], height=0.04, italic=False, languageStyle='LTR', name='Reminder1', opacity=1.0, ori=0.0, pos=array([0., 0.]), rgb=UNKNOWN, text=str(...), units='height', win=Window(...), wrapWidth=1.6)
17.7284 	EXP 	window1: mouseVisible = True
17.7348 	EXP 	Created Reminder2 = TextStim(__class__=<class 'psychopy.visual.text.TextStim'>, alignHoriz=method-wrapper(...), alignText='center', alignVert=method-wrapper(...), anchorHoriz='center', anchorVert='center', antialias=True, autoDraw=False, autoLog=True, bold=False, color=array([1., 1., 1.]), colorSpace='rgb', contrast=1.0, depth=0.0, draggable=False, flipHoriz=False, flipVert=False, font='Arial', fontFiles=[], height=0.04, italic=False, languageStyle='LTR', name='Reminder2', opacity=1.0, ori=0.0, pos=array([0., 0.]), rgb=UNKNOWN, text=str(...), units='height', win=Window(...), wrapWidth=1.6)
17.7349 	EXP 	window1: mouseVisible = True
17.7507 	EXP 	Created FSGenInsText = TextStim(__class__=<class 'psychopy.visual.text.TextStim'>, alignHoriz=method-wrapper(...), alignText='center', alignVert=method-wrapper(...), anchorHoriz='center', anchorVert='center', antialias=True, autoDraw=False, autoLog=True, bold=False, color=array([1., 1., 1.]), colorSpace='rgb', contrast=1.0, depth=0.0, draggable=False, flipHoriz=False, flipVert=False, font='Arial', fontFiles=[], height=0.04, italic=False, languageStyle='LTR', name='FSGenInsText', opacity=1.0, ori=0.0, pos=array([0., 0.]), rgb=UNKNOWN, text=str(...), units='height', win=Window(...), wrapWidth=1.6)
17.7508 	EXP 	window1: mouseVisible = True
17.7526 	EXP 	Created fixation_2 = TextStim(__class__=<class 'psychopy.visual.text.TextStim'>, alignHoriz=method-wrapper(...), alignText='center', alignVert=method-wrapper(...), anchorHoriz='center', anchorVert='center', antialias=True, autoDraw=False, autoLog=True, bold=False, color=array([1., 1., 1.]), colorSpace='rgb', contrast=1.0, depth=-1.0, draggable=False, flipHoriz=False, flipVert=False, font='Arial', fontFiles=[], height=0.04, italic=False, languageStyle='LTR', name='fixation_2', opacity=1.0, ori=0, pos=array([0., 0.]), rgb=UNKNOWN, text='+', units='height', win=Window(...), wrapWidth=1)
17.7527 	EXP 	window1: mouseVisible = True
17.7534 	EXP 	Created pres_text_practice = TextStim(__class__=<class 'psychopy.visual.text.TextStim'>, alignHoriz=method-wrapper(...), alignText='center', alignVert=method-wrapper(...), anchorHoriz='center', anchorVert='center', antialias=True, autoDraw=False, autoLog=True, bold=False, color=array([1., 1., 1.]), colorSpace='rgb', contrast=1.0, depth=-2.0, draggable=False, flipHoriz=False, flipVert=False, font='Arial', fontFiles=[], height=0.1, italic=False, languageStyle='LTR', name='pres_text_practice', opacity=1.0, ori=0, pos=array([0., 0.]), rgb=UNKNOWN, text='', units='height', win=Window(...), wrapWidth=1)
17.7535 	EXP 	window1: mouseVisible = True
17.7552 	EXP 	Created recall_txtPractice = TextStim(__class__=<class 'psychopy.visual.text.TextStim'>, alignHoriz=method-wrapper(...), alignText='center', alignVert=method-wrapper(...), anchorHoriz='center', anchorVert='center', antialias=True, autoDraw=False, autoLog=True, bold=False, color=array([1., 1., 1.]), colorSpace='rgb', contrast=1.0, depth=0.0, draggable=False, flipHoriz=False, flipVert=False, font='Arial', fontFiles=[], height=0.04, italic=False, languageStyle='LTR', name='recall_txtPractice', opacity=1.0, ori=0, pos=array([0.  , 0.25]), rgb=UNKNOWN, text='Recall', units='height', win=Window(...), wrapWidth=1)
17.7554 	EXP 	window1: mouseVisible = True
17.7555 	EXP 	window1: mouseVisible = True
17.7559 	EXP 	window1: mouseVisible = True
17.7562 	EXP 	window1: mouseVisible = True
17.7610 	EXP 	window1: mouseVisible = True
17.7611 	EXP 	window1: mouseVisible = True
17.7614 	EXP 	window1: mouseVisible = True
17.7618 	EXP 	window1: mouseVisible = True
17.7969 	EXP 	window1: mouseVisible = True
17.8472 	EXP 	Created cont_buttonPractice = ImageStim(__class__=<class 'psychopy.visual.image.ImageStim'>, anchor=('center', 'center'), autoLog=True, color=array([1., 1., 1.]), colorSpace='rgb', contrast=1.0, depth=-2.0, draggable=False, flipHoriz=False, flipVert=False, image='continue.png', interpolate=True, mask=None, maskParams=None, name='cont_buttonPractice', opacity=1.0, ori=0.0, pos=array([ 0. , -0.4]), size=array([0.3 , 0.07]), texRes=128.0, units='height', win=Window(...))
17.8473 	EXP 	window1: mouseVisible = True
17.8474 	EXP 	window1: mouseVisible = True
17.8482 	EXP 	Created feedbac_textPractice = TextStim(__class__=<class 'psychopy.visual.text.TextStim'>, alignHoriz=method-wrapper(...), alignText='center', alignVert=method-wrapper(...), anchorHoriz='center', anchorVert='center', antialias=True, autoDraw=False, autoLog=True, bold=False, color=array([1., 1., 1.]), colorSpace='rgb', contrast=1.0, depth=0.0, draggable=False, flipHoriz=False, flipVert=False, font='Arial', fontFiles=[], height=0.04, italic=False, languageStyle='LTR', name='feedbac_textPractice', opacity=1.0, ori=0, pos=array([0., 0.]), rgb=UNKNOWN, text='', units='height', win=Window(...), wrapWidth=1)
17.8483 	EXP 	window1: mouseVisible = True
17.8574 	EXP 	Created praccomplete = TextStim(__class__=<class 'psychopy.visual.text.TextStim'>, alignHoriz=method-wrapper(...), alignText='center', alignVert=method-wrapper(...), anchorHoriz='center', anchorVert='center', antialias=True, autoDraw=False, autoLog=True, bold=False, color=array([1., 1., 1.]), colorSpace='rgb', contrast=1.0, depth=0.0, draggable=False, flipHoriz=False, flipVert=False, font='Arial', fontFiles=[], height=0.04, italic=False, languageStyle='LTR', name='praccomplete', opacity=1.0, ori=0.0, pos=array([0., 0.]), rgb=UNKNOWN, text=str(...), units='height', win=Window(...), wrapWidth=1.6)
17.8575 	EXP 	window1: mouseVisible = True
17.8589 	EXP 	Created fixation = TextStim(__class__=<class 'psychopy.visual.text.TextStim'>, alignHoriz=method-wrapper(...), alignText='center', alignVert=method-wrapper(...), anchorHoriz='center', anchorVert='center', antialias=True, autoDraw=False, autoLog=True, bold=False, color=array([1., 1., 1.]), colorSpace='rgb', contrast=1.0, depth=-1.0, draggable=False, flipHoriz=False, flipVert=False, font='Arial', fontFiles=[], height=0.04, italic=False, languageStyle='LTR', name='fixation', opacity=1.0, ori=0, pos=array([0., 0.]), rgb=UNKNOWN, text='+', units='height', win=Window(...), wrapWidth=1)
17.8589 	EXP 	window1: mouseVisible = True
17.8596 	EXP 	Created presentation_text = TextStim(__class__=<class 'psychopy.visual.text.TextStim'>, alignHoriz=method-wrapper(...), alignText='center', alignVert=method-wrapper(...), anchorHoriz='center', anchorVert='center', antialias=True, autoDraw=False, autoLog=True, bold=False, color=array([1., 1., 1.]), colorSpace='rgb', contrast=1.0, depth=-2.0, draggable=False, flipHoriz=False, flipVert=False, font='Arial', fontFiles=[], height=0.1, italic=False, languageStyle='LTR', name='presentation_text', opacity=1.0, ori=0, pos=array([0., 0.]), rgb=UNKNOWN, text='', units='height', win=Window(...), wrapWidth=1)
17.8597 	EXP 	window1: mouseVisible = True
17.8612 	EXP 	Created recall_txt = TextStim(__class__=<class 'psychopy.visual.text.TextStim'>, alignHoriz=method-wrapper(...), alignText='center', alignVert=method-wrapper(...), anchorHoriz='center', anchorVert='center', antialias=True, autoDraw=False, autoLog=True, bold=False, color=array([1., 1., 1.]), colorSpace='rgb', contrast=1.0, depth=0.0, draggable=False, flipHoriz=False, flipVert=False, font='Arial', fontFiles=[], height=0.04, italic=False, languageStyle='LTR', name='recall_txt', opacity=1.0, ori=0, pos=array([0.  , 0.25]), rgb=UNKNOWN, text='Recall', units='height', win=Window(...), wrapWidth=1)
17.8614 	EXP 	window1: mouseVisible = True
17.8615 	EXP 	window1: mouseVisible = True
17.8618 	EXP 	window1: mouseVisible = True
17.8622 	EXP 	window1: mouseVisible = True
17.8655 	EXP 	window1: mouseVisible = True
17.8656 	EXP 	window1: mouseVisible = True
17.8659 	EXP 	window1: mouseVisible = True
17.8662 	EXP 	window1: mouseVisible = True
17.8696 	EXP 	window1: mouseVisible = True
17.8767 	EXP 	Created cont_button = ImageStim(__class__=<class 'psychopy.visual.image.ImageStim'>, anchor=('center', 'center'), autoLog=True, color=array([1., 1., 1.]), colorSpace='rgb', contrast=1.0, depth=-2.0, draggable=False, flipHoriz=False, flipVert=False, image='continue.png', interpolate=True, mask=None, maskParams=None, name='cont_button', opacity=1.0, ori=0.0, pos=array([ 0. , -0.4]), size=array([0.3 , 0.07]), texRes=128.0, units='height', win=Window(...))
17.8767 	EXP 	window1: mouseVisible = True
17.8768 	EXP 	window1: mouseVisible = True
17.8775 	EXP 	Created feedback_text = TextStim(__class__=<class 'psychopy.visual.text.TextStim'>, alignHoriz=method-wrapper(...), alignText='center', alignVert=method-wrapper(...), anchorHoriz='center', anchorVert='center', antialias=True, autoDraw=False, autoLog=True, bold=False, color=array([1., 1., 1.]), colorSpace='rgb', contrast=1.0, depth=0.0, draggable=False, flipHoriz=False, flipVert=False, font='Arial', fontFiles=[], height=0.04, italic=False, languageStyle='LTR', name='feedback_text', opacity=1.0, ori=0, pos=array([0., 0.]), rgb=UNKNOWN, text='', units='height', win=Window(...), wrapWidth=1)
17.8776 	EXP 	window1: mouseVisible = True
17.8845 	EXP 	Created roundTransition = TextStim(__class__=<class 'psychopy.visual.text.TextStim'>, alignHoriz=method-wrapper(...), alignText='center', alignVert=method-wrapper(...), anchorHoriz='center', anchorVert='center', antialias=True, autoDraw=False, autoLog=True, bold=False, color=array([1., 1., 1.]), colorSpace='rgb', contrast=1.0, depth=0.0, draggable=False, flipHoriz=False, flipVert=False, font='Arial', fontFiles=[], height=0.05, italic=False, languageStyle='LTR', name='roundTransition', opacity=1.0, ori=0.0, pos=array([0., 0.]), rgb=UNKNOWN, text=str(...), units='height', win=Window(...), wrapWidth=1)
17.8846 	EXP 	window1: mouseVisible = True
17.9078 	EXP 	Created BSGenInsText = TextStim(__class__=<class 'psychopy.visual.text.TextStim'>, alignHoriz=method-wrapper(...), alignText='center', alignVert=method-wrapper(...), anchorHoriz='center', anchorVert='center', antialias=True, autoDraw=False, autoLog=True, bold=False, color=array([1., 1., 1.]), colorSpace='rgb', contrast=1.0, depth=0.0, draggable=False, flipHoriz=False, flipVert=False, font='Arial', fontFiles=[], height=0.04, italic=False, languageStyle='LTR', name='BSGenInsText', opacity=1.0, ori=0.0, pos=array([0., 0.]), rgb=UNKNOWN, text=str(...), units='height', win=Window(...), wrapWidth=1.6)
17.9079 	EXP 	window1: mouseVisible = True
17.9096 	EXP 	Created fixation_3 = TextStim(__class__=<class 'psychopy.visual.text.TextStim'>, alignHoriz=method-wrapper(...), alignText='center', alignVert=method-wrapper(...), anchorHoriz='center', anchorVert='center', antialias=True, autoDraw=False, autoLog=True, bold=False, color=array([1., 1., 1.]), colorSpace='rgb', contrast=1.0, depth=0.0, draggable=False, flipHoriz=False, flipVert=False, font='Arial', fontFiles=[], height=0.04, italic=False, languageStyle='LTR', name='fixation_3', opacity=1.0, ori=0, pos=array([0., 0.]), rgb=UNKNOWN, text='+', units='height', win=Window(...), wrapWidth=1)
17.9097 	EXP 	window1: mouseVisible = True
17.9104 	EXP 	Created pres_text_practice_2 = TextStim(__class__=<class 'psychopy.visual.text.TextStim'>, alignHoriz=method-wrapper(...), alignText='center', alignVert=method-wrapper(...), anchorHoriz='center', anchorVert='center', antialias=True, autoDraw=False, autoLog=True, bold=False, color=array([1., 1., 1.]), colorSpace='rgb', contrast=1.0, depth=-1.0, draggable=False, flipHoriz=False, flipVert=False, font='Arial', fontFiles=[], height=0.1, italic=False, languageStyle='LTR', name='pres_text_practice_2', opacity=1.0, ori=0, pos=array([0., 0.]), rgb=UNKNOWN, text='', units='height', win=Window(...), wrapWidth=1)
17.9104 	EXP 	window1: mouseVisible = True
17.9121 	EXP 	Created recall_txtPractice_2 = TextStim(__class__=<class 'psychopy.visual.text.TextStim'>, alignHoriz=method-wrapper(...), alignText='center', alignVert=method-wrapper(...), anchorHoriz='center', anchorVert='center', antialias=True, autoDraw=False, autoLog=True, bold=False, color=array([1., 1., 1.]), colorSpace='rgb', contrast=1.0, depth=0.0, draggable=False, flipHoriz=False, flipVert=False, font='Arial', fontFiles=[], height=0.04, italic=False, languageStyle='LTR', name='recall_txtPractice_2', opacity=1.0, ori=0, pos=array([0.  , 0.25]), rgb=UNKNOWN, text='Recall', units='height', win=Window(...), wrapWidth=1)
17.9122 	EXP 	window1: mouseVisible = True
17.9123 	EXP 	window1: mouseVisible = True
17.9127 	EXP 	window1: mouseVisible = True
17.9130 	EXP 	window1: mouseVisible = True
17.9162 	EXP 	window1: mouseVisible = True
17.9163 	EXP 	window1: mouseVisible = True
17.9166 	EXP 	window1: mouseVisible = True
17.9170 	EXP 	window1: mouseVisible = True
17.9197 	EXP 	window1: mouseVisible = True
17.9267 	EXP 	Created cont_buttonPractice_2 = ImageStim(__class__=<class 'psychopy.visual.image.ImageStim'>, anchor=('center', 'center'), autoLog=True, color=array([1., 1., 1.]), colorSpace='rgb', contrast=1.0, depth=-2.0, draggable=False, flipHoriz=False, flipVert=False, image='continue.png', interpolate=True, mask=None, maskParams=None, name='cont_buttonPractice_2', opacity=1.0, ori=0.0, pos=array([ 0. , -0.4]), size=array([0.3 , 0.07]), texRes=128.0, units='height', win=Window(...))
17.9268 	EXP 	window1: mouseVisible = True
17.9269 	EXP 	window1: mouseVisible = True
17.9276 	EXP 	Created feedbac_textPractice_2 = TextStim(__class__=<class 'psychopy.visual.text.TextStim'>, alignHoriz=method-wrapper(...), alignText='center', alignVert=method-wrapper(...), anchorHoriz='center', anchorVert='center', antialias=True, autoDraw=False, autoLog=True, bold=False, color=array([1., 1., 1.]), colorSpace='rgb', contrast=1.0, depth=0.0, draggable=False, flipHoriz=False, flipVert=False, font='Arial', fontFiles=[], height=0.04, italic=False, languageStyle='LTR', name='feedbac_textPractice_2', opacity=1.0, ori=0, pos=array([0., 0.]), rgb=UNKNOWN, text='', units='height', win=Window(...), wrapWidth=1)
17.9276 	EXP 	window1: mouseVisible = True
17.9364 	EXP 	Created praccompleteBS = TextStim(__class__=<class 'psychopy.visual.text.TextStim'>, alignHoriz=method-wrapper(...), alignText='center', alignVert=method-wrapper(...), anchorHoriz='center', anchorVert='center', antialias=True, autoDraw=False, autoLog=True, bold=False, color=array([1., 1., 1.]), colorSpace='rgb', contrast=1.0, depth=0.0, draggable=False, flipHoriz=False, flipVert=False, font='Arial', fontFiles=[], height=0.04, italic=False, languageStyle='LTR', name='praccompleteBS', opacity=1.0, ori=0.0, pos=array([0., 0.]), rgb=UNKNOWN, text=str(...), units='height', win=Window(...), wrapWidth=1.6)
17.9365 	EXP 	window1: mouseVisible = True
17.9379 	EXP 	Created fixationBS = TextStim(__class__=<class 'psychopy.visual.text.TextStim'>, alignHoriz=method-wrapper(...), alignText='center', alignVert=method-wrapper(...), anchorHoriz='center', anchorVert='center', antialias=True, autoDraw=False, autoLog=True, bold=False, color=array([1., 1., 1.]), colorSpace='rgb', contrast=1.0, depth=-1.0, draggable=False, flipHoriz=False, flipVert=False, font='Arial', fontFiles=[], height=0.04, italic=False, languageStyle='LTR', name='fixationBS', opacity=1.0, ori=0, pos=array([0., 0.]), rgb=UNKNOWN, text='+', units='height', win=Window(...), wrapWidth=1)
17.9379 	EXP 	window1: mouseVisible = True
17.9386 	EXP 	Created presentation_textBS = TextStim(__class__=<class 'psychopy.visual.text.TextStim'>, alignHoriz=method-wrapper(...), alignText='center', alignVert=method-wrapper(...), anchorHoriz='center', anchorVert='center', antialias=True, autoDraw=False, autoLog=True, bold=False, color=array([1., 1., 1.]), colorSpace='rgb', contrast=1.0, depth=-2.0, draggable=False, flipHoriz=False, flipVert=False, font='Arial', fontFiles=[], height=0.1, italic=False, languageStyle='LTR', name='presentation_textBS', opacity=1.0, ori=0, pos=array([0., 0.]), rgb=UNKNOWN, text='', units='height', win=Window(...), wrapWidth=1)
17.9386 	EXP 	window1: mouseVisible = True
17.9402 	EXP 	Created recall_txtBS = TextStim(__class__=<class 'psychopy.visual.text.TextStim'>, alignHoriz=method-wrapper(...), alignText='center', alignVert=method-wrapper(...), anchorHoriz='center', anchorVert='center', antialias=True, autoDraw=False, autoLog=True, bold=False, color=array([1., 1., 1.]), colorSpace='rgb', contrast=1.0, depth=0.0, draggable=False, flipHoriz=False, flipVert=False, font='Arial', fontFiles=[], height=0.04, italic=False, languageStyle='LTR', name='recall_txtBS', opacity=1.0, ori=0, pos=array([0.  , 0.25]), rgb=UNKNOWN, text='Recall', units='height', win=Window(...), wrapWidth=1)
17.9403 	EXP 	window1: mouseVisible = True
17.9404 	EXP 	window1: mouseVisible = True
17.9407 	EXP 	window1: mouseVisible = True
17.9411 	EXP 	window1: mouseVisible = True
17.9442 	EXP 	window1: mouseVisible = True
17.9443 	EXP 	window1: mouseVisible = True
17.9447 	EXP 	window1: mouseVisible = True
17.9450 	EXP 	window1: mouseVisible = True
17.9478 	EXP 	window1: mouseVisible = True
17.9545 	EXP 	Created cont_buttonBS = ImageStim(__class__=<class 'psychopy.visual.image.ImageStim'>, anchor=('center', 'center'), autoLog=True, color=array([1., 1., 1.]), colorSpace='rgb', contrast=1.0, depth=-2.0, draggable=False, flipHoriz=False, flipVert=False, image='continue.png', interpolate=True, mask=None, maskParams=None, name='cont_buttonBS', opacity=1.0, ori=0.0, pos=array([ 0. , -0.4]), size=array([0.3 , 0.07]), texRes=128.0, units='height', win=Window(...))
17.9546 	EXP 	window1: mouseVisible = True
17.9546 	EXP 	window1: mouseVisible = True
17.9553 	EXP 	Created feedback_textBS = TextStim(__class__=<class 'psychopy.visual.text.TextStim'>, alignHoriz=method-wrapper(...), alignText='center', alignVert=method-wrapper(...), anchorHoriz='center', anchorVert='center', antialias=True, autoDraw=False, autoLog=True, bold=False, color=array([1., 1., 1.]), colorSpace='rgb', contrast=1.0, depth=0.0, draggable=False, flipHoriz=False, flipVert=False, font='Arial', fontFiles=[], height=0.04, italic=False, languageStyle='LTR', name='feedback_textBS', opacity=1.0, ori=0, pos=array([0., 0.]), rgb=UNKNOWN, text='', units='height', win=Window(...), wrapWidth=1)
17.9554 	EXP 	window1: mouseVisible = True
17.9599 	EXP 	Created ThankYou = TextStim(__class__=<class 'psychopy.visual.text.TextStim'>, alignHoriz=method-wrapper(...), alignText='center', alignVert=method-wrapper(...), anchorHoriz='center', anchorVert='center', antialias=True, autoDraw=False, autoLog=True, bold=False, color=array([1., 1., 1.]), colorSpace='rgb', contrast=1.0, depth=0.0, draggable=False, flipHoriz=False, flipVert=False, font='Arial', fontFiles=[], height=0.04, italic=False, languageStyle='LTR', name='ThankYou', opacity=1.0, ori=0.0, pos=array([0., 0.]), rgb=UNKNOWN, text=str(...), units='height', win=Window(...), wrapWidth=1.6)
17.9828 	EXP 	textboxPractice: autoLog = True
17.9828 	EXP 	textbox: autoLog = True
17.9828 	EXP 	textboxPractice_2: autoLog = True
17.9828 	EXP 	textboxBS: autoLog = True
17.9828 	EXP 	GenInsText: autoDraw = True
19.1723 	DATA 	Keypress: return
19.1893 	EXP 	GenInsText: autoDraw = False
19.1893 	EXP 	Reminder1: autoDraw = True
19.2123 	DATA 	Keypress: return
19.2212 	EXP 	Reminder1: autoDraw = False
19.2212 	EXP 	Reminder2: autoDraw = True
19.3583 	DATA 	Keypress: return
19.3713 	EXP 	Reminder2: autoDraw = False
19.3713 	EXP 	FSGenInsText: autoDraw = True
26.6804 	EXP 	Imported digitSpanPractice.xlsx as conditions, 2 conditions, 5 params
26.6813 	EXP 	Created sequence: sequential, trialTypes=2, nReps=1, seed=None
26.6816 	EXP 	New trial (rep=0, index=0): {'digitSpanForward': 3, 'digits': 342, 'digitsReverse': 24, 'digitSpanReverse': 2, 'digitsReverseCorrAnswer': 42}
26.6818 	EXP 	Created sequence: sequential, trialTypes=1, nReps=3, seed=None
26.6819 	EXP 	New trial (rep=0, index=0): None
26.6873 	DATA 	Keypress: return
26.6913 	EXP 	FSGenInsText: autoDraw = False
26.6913 	EXP 	pres_text_practice: height = 0.1
26.6913 	EXP 	pres_text_practice: height = 0.1
26.6913 	EXP 	pres_text_practice: height = 0.1
26.6913 	EXP 	pres_text_practice: text = '3'
26.6913 	EXP 	fixation_2: autoDraw = True
27.6897 	EXP 	pres_text_practice: autoDraw = True
27.7053 	EXP 	fixation_2: autoDraw = False
28.6729 	EXP 	New trial (rep=1, index=0): None
28.6897 	EXP 	pres_text_practice: autoDraw = False
28.6897 	EXP 	fixation_2: autoDraw = False
28.6897 	EXP 	pres_text_practice: autoDraw = False
28.6897 	EXP 	pres_text_practice: height = 0.1
28.6897 	EXP 	pres_text_practice: height = 0.1
28.6897 	EXP 	pres_text_practice: height = 0.1
28.6897 	EXP 	pres_text_practice: text = '4'
28.6897 	EXP 	fixation_2: autoDraw = True
29.6733 	EXP 	pres_text_practice: autoDraw = True
29.6890 	EXP 	fixation_2: autoDraw = False
30.6726 	EXP 	New trial (rep=2, index=0): None
30.6893 	EXP 	pres_text_practice: autoDraw = False
30.6893 	EXP 	fixation_2: autoDraw = False
30.6893 	EXP 	pres_text_practice: autoDraw = False
30.6893 	EXP 	pres_text_practice: height = 0.1
30.6893 	EXP 	pres_text_practice: height = 0.1
30.6893 	EXP 	pres_text_practice: height = 0.1
30.6893 	EXP 	pres_text_practice: text = '2'
30.6893 	EXP 	fixation_2: autoDraw = True
31.6905 	EXP 	fixation_2: autoDraw = False
31.6905 	EXP 	pres_text_practice: autoDraw = True
32.7055 	EXP 	fixation_2: autoDraw = False
32.7055 	EXP 	pres_text_practice: autoDraw = False
32.7055 	EXP 	recall_txtPractice: autoDraw = True
32.7055 	EXP 	textboxPractice: autoDraw = True
32.7055 	EXP 	cont_buttonPractice: autoDraw = True
35.4168 	DATA 	Keypress: 7
35.5486 	DATA 	Keypress: 8
35.6156 	DATA 	Keypress: 9
36.1064 	DATA 	Mouse: Left button down, pos=(722,89)
36.1223 	EXP 	recall_txtPractice: autoDraw = False
36.1223 	EXP 	textboxPractice: autoDraw = False
36.1223 	EXP 	cont_buttonPractice: autoDraw = False
36.1223 	EXP 	feedbac_textPractice: height = 0.04
36.1223 	EXP 	feedbac_textPractice: height = 0.04
36.1223 	EXP 	feedbac_textPractice: height = 0.04
36.1223 	EXP 	feedbac_textPractice: text = 'Incorrect'
36.1223 	EXP 	feedbac_textPractice: autoDraw = True
36.1901 	DATA 	Mouse:  Left button up, pos=(722,89)
37.1067 	EXP 	New trial (rep=0, index=1): {'digitSpanForward': 3, 'digits': 937, 'digitsReverse': 73, 'digitSpanReverse': 2, 'digitsReverseCorrAnswer': 37}
37.1071 	EXP 	Created sequence: sequential, trialTypes=1, nReps=3, seed=None
37.1072 	EXP 	New trial (rep=0, index=0): None
37.1228 	EXP 	feedbac_textPractice: autoDraw = False
37.1228 	EXP 	feedbac_textPractice: autoDraw = False
37.1228 	EXP 	pres_text_practice: height = 0.1
37.1228 	EXP 	pres_text_practice: height = 0.1
37.1228 	EXP 	pres_text_practice: height = 0.1
37.1228 	EXP 	pres_text_practice: text = '9'
37.1228 	EXP 	fixation_2: autoDraw = True
38.1231 	EXP 	fixation_2: autoDraw = False
38.1231 	EXP 	pres_text_practice: autoDraw = True
39.1072 	EXP 	New trial (rep=1, index=0): None
39.1233 	EXP 	pres_text_practice: autoDraw = False
39.1233 	EXP 	fixation_2: autoDraw = False
39.1233 	EXP 	pres_text_practice: autoDraw = False
39.1233 	EXP 	pres_text_practice: height = 0.1
39.1233 	EXP 	pres_text_practice: height = 0.1
39.1233 	EXP 	pres_text_practice: height = 0.1
39.1233 	EXP 	pres_text_practice: text = '3'
39.1233 	EXP 	fixation_2: autoDraw = True
40.1226 	EXP 	fixation_2: autoDraw = False
40.1226 	EXP 	pres_text_practice: autoDraw = True
41.1064 	EXP 	New trial (rep=2, index=0): None
41.1225 	EXP 	pres_text_practice: autoDraw = False
41.1225 	EXP 	fixation_2: autoDraw = False
41.1225 	EXP 	pres_text_practice: autoDraw = False
41.1225 	EXP 	pres_text_practice: height = 0.1
41.1225 	EXP 	pres_text_practice: height = 0.1
41.1225 	EXP 	pres_text_practice: height = 0.1
41.1225 	EXP 	pres_text_practice: text = '7'
41.1225 	EXP 	fixation_2: autoDraw = True
42.1222 	EXP 	fixation_2: autoDraw = False
42.1222 	EXP 	pres_text_practice: autoDraw = True
43.1232 	EXP 	pres_text_practice: autoDraw = False
43.1232 	EXP 	fixation_2: autoDraw = False
43.1232 	EXP 	pres_text_practice: autoDraw = False
43.1232 	EXP 	recall_txtPractice: autoDraw = True
43.1232 	EXP 	textboxPractice: autoDraw = True
43.1232 	EXP 	cont_buttonPractice: autoDraw = True
45.7414 	DATA 	Keypress: 7
45.8242 	DATA 	Keypress: 8
45.8741 	DATA 	Keypress: 9
46.4564 	DATA 	Mouse: Left button down, pos=(722,89)
46.4725 	EXP 	recall_txtPractice: autoDraw = False
46.4725 	EXP 	textboxPractice: autoDraw = False
46.4725 	EXP 	cont_buttonPractice: autoDraw = False
46.4725 	EXP 	feedbac_textPractice: text = 'Incorrect'
46.4725 	EXP 	feedbac_textPractice: autoDraw = True
46.5239 	DATA 	Mouse:  Left button up, pos=(722,89)
47.4726 	EXP 	feedbac_textPractice: autoDraw = False
47.4726 	EXP 	feedbac_textPractice: autoDraw = False
47.4726 	EXP 	praccomplete: autoDraw = True
52.3298 	EXP 	Imported digitSpanTrialNumber.xlsx as conditions, 14 conditions, 1 params
52.3304 	EXP 	Created sequence: sequential, trialTypes=14, nReps=1, seed=None
52.3307 	EXP 	New trial (rep=0, index=0): {'trialNumber': 1}
52.3320 	EXP 	Created sequence: random, trialTypes=1, nReps=3, seed=None
52.3321 	EXP 	New trial (rep=0, index=0): None
52.3373 	DATA 	Keypress: return
52.3415 	EXP 	praccomplete: autoDraw = False
52.3415 	EXP 	presentation_text: height = 0.1
52.3415 	EXP 	presentation_text: height = 0.1
52.3415 	EXP 	presentation_text: height = 0.1
52.3415 	EXP 	presentation_text: text = 1
52.3415 	EXP 	fixation: autoDraw = True
53.3400 	EXP 	presentation_text: autoDraw = True
53.3563 	EXP 	fixation: autoDraw = False
54.3236 	EXP 	New trial (rep=1, index=0): None
54.3396 	EXP 	presentation_text: autoDraw = False
54.3396 	EXP 	fixation: autoDraw = False
54.3396 	EXP 	presentation_text: autoDraw = False
54.3396 	EXP 	presentation_text: height = 0.1
54.3396 	EXP 	presentation_text: height = 0.1
54.3396 	EXP 	presentation_text: height = 0.1
54.3396 	EXP 	presentation_text: text = 2
54.3396 	EXP 	fixation: autoDraw = True
55.3397 	EXP 	fixation: autoDraw = False
55.3397 	EXP 	presentation_text: autoDraw = True
56.3239 	EXP 	New trial (rep=2, index=0): None
56.3405 	EXP 	presentation_text: autoDraw = False
56.3405 	EXP 	fixation: autoDraw = False
56.3405 	EXP 	presentation_text: autoDraw = False
56.3405 	EXP 	presentation_text: height = 0.1
56.3405 	EXP 	presentation_text: height = 0.1
56.3405 	EXP 	presentation_text: height = 0.1
56.3405 	EXP 	presentation_text: text = 7
56.3405 	EXP 	fixation: autoDraw = True
57.3404 	EXP 	fixation: autoDraw = False
57.3404 	EXP 	presentation_text: autoDraw = True
58.3398 	EXP 	presentation_text: autoDraw = False
58.3398 	EXP 	fixation: autoDraw = False
58.3398 	EXP 	presentation_text: autoDraw = False
58.3398 	EXP 	recall_txt: autoDraw = True
58.3398 	EXP 	textbox: autoDraw = True
58.3398 	EXP 	cont_button: autoDraw = True
59.5877 	DATA 	Keypress: 6
59.6577 	DATA 	Keypress: 7
59.7082 	DATA 	Keypress: 8
59.7600 	DATA 	Keypress: 9
60.4596 	DATA 	Mouse: Left button down, pos=(722,89)
60.4898 	EXP 	recall_txt: autoDraw = False
60.4898 	EXP 	textbox: autoDraw = False
60.4898 	EXP 	cont_button: autoDraw = False
60.4898 	EXP 	feedback_text: height = 0.04
60.4898 	EXP 	feedback_text: height = 0.04
60.4898 	EXP 	feedback_text: height = 0.04
60.4898 	EXP 	feedback_text: text = 'Incorrect'
60.4898 	EXP 	feedback_text: autoDraw = True
60.5410 	DATA 	Mouse:  Left button up, pos=(722,89)
61.4740 	EXP 	New trial (rep=0, index=1): {'trialNumber': 2}
61.4747 	EXP 	Created sequence: random, trialTypes=1, nReps=3, seed=None
61.4749 	EXP 	New trial (rep=0, index=0): None
61.4903 	EXP 	feedback_text: autoDraw = False
61.4903 	EXP 	feedback_text: autoDraw = False
61.4903 	EXP 	presentation_text: height = 0.1
61.4903 	EXP 	presentation_text: height = 0.1
61.4903 	EXP 	presentation_text: height = 0.1
61.4903 	EXP 	presentation_text: text = 1
61.4903 	EXP 	fixation: autoDraw = True
62.4733 	EXP 	presentation_text: autoDraw = True
62.4898 	EXP 	fixation: autoDraw = False
63.4576 	EXP 	New trial (rep=1, index=0): None
63.4735 	EXP 	presentation_text: autoDraw = False
63.4735 	EXP 	fixation: autoDraw = False
63.4735 	EXP 	presentation_text: autoDraw = False
63.4735 	EXP 	presentation_text: height = 0.1
63.4735 	EXP 	presentation_text: height = 0.1
63.4735 	EXP 	presentation_text: height = 0.1
63.4735 	EXP 	presentation_text: text = 3
63.4735 	EXP 	fixation: autoDraw = True
64.4742 	EXP 	fixation: autoDraw = False
64.4742 	EXP 	presentation_text: autoDraw = True
65.4574 	EXP 	New trial (rep=2, index=0): None
65.4734 	EXP 	presentation_text: autoDraw = False
65.4734 	EXP 	fixation: autoDraw = False
65.4734 	EXP 	presentation_text: autoDraw = False
65.4734 	EXP 	presentation_text: height = 0.1
65.4734 	EXP 	presentation_text: height = 0.1
65.4734 	EXP 	presentation_text: height = 0.1
65.4734 	EXP 	presentation_text: text = 4
65.4734 	EXP 	fixation: autoDraw = True
66.4735 	EXP 	fixation: autoDraw = False
66.4735 	EXP 	presentation_text: autoDraw = True
67.4736 	EXP 	presentation_text: autoDraw = False
67.4736 	EXP 	fixation: autoDraw = False
67.4736 	EXP 	presentation_text: autoDraw = False
67.4736 	EXP 	recall_txt: autoDraw = True
67.4736 	EXP 	textbox: autoDraw = True
67.4736 	EXP 	cont_button: autoDraw = True
69.0844 	DATA 	Keypress: 5
69.1921 	DATA 	Keypress: 6
69.2750 	DATA 	Keypress: 7
69.3582 	DATA 	Keypress: 8
70.1115 	DATA 	Mouse: Left button down, pos=(722,89)
70.1411 	EXP 	recall_txt: autoDraw = False
70.1411 	EXP 	textbox: autoDraw = False
70.1411 	EXP 	cont_button: autoDraw = False
70.1411 	EXP 	feedback_text: text = 'Incorrect'
70.1411 	EXP 	feedback_text: autoDraw = True
70.2250 	DATA 	Mouse:  Left button up, pos=(722,89)
71.1245 	EXP 	New trial (rep=0, index=2): {'trialNumber': 3}
71.1254 	EXP 	Created sequence: random, trialTypes=1, nReps=3, seed=None
71.1256 	EXP 	New trial (rep=0, index=0): None
71.1410 	EXP 	feedback_text: autoDraw = False
71.1410 	EXP 	feedback_text: autoDraw = False
71.1410 	EXP 	presentation_text: height = 0.1
71.1410 	EXP 	presentation_text: height = 0.1
71.1410 	EXP 	presentation_text: height = 0.1
71.1410 	EXP 	presentation_text: text = 9
71.1410 	EXP 	fixation: autoDraw = True
72.1246 	EXP 	presentation_text: autoDraw = True
72.1413 	EXP 	fixation: autoDraw = False
73.1086 	EXP 	New trial (rep=1, index=0): None
73.1239 	EXP 	presentation_text: autoDraw = False
73.1239 	EXP 	fixation: autoDraw = False
73.1239 	EXP 	presentation_text: autoDraw = False
73.1239 	EXP 	presentation_text: height = 0.1
73.1239 	EXP 	presentation_text: height = 0.1
73.1239 	EXP 	presentation_text: height = 0.1
73.1239 	EXP 	presentation_text: text = 3
73.1239 	EXP 	fixation: autoDraw = True
74.1240 	EXP 	fixation: autoDraw = False
74.1416 	EXP 	presentation_text: autoDraw = True
75.1408 	EXP 	New trial (rep=2, index=0): None
75.1572 	EXP 	fixation: autoDraw = False
75.1572 	EXP 	presentation_text: autoDraw = False
75.1572 	EXP 	presentation_text: height = 0.1
75.1572 	EXP 	presentation_text: height = 0.1
75.1572 	EXP 	presentation_text: height = 0.1
75.1572 	EXP 	presentation_text: text = 2
75.1572 	EXP 	fixation: autoDraw = True
76.1418 	EXP 	presentation_text: autoDraw = True
76.1582 	EXP 	fixation: autoDraw = False
77.1584 	EXP 	fixation: autoDraw = False
77.1584 	EXP 	presentation_text: autoDraw = False
77.1584 	EXP 	recall_txt: autoDraw = True
77.1584 	EXP 	textbox: autoDraw = True
77.1584 	EXP 	cont_button: autoDraw = True
78.1755 	DATA 	Keypress: 6
78.2773 	DATA 	Keypress: 7
78.3253 	DATA 	Keypress: 8
78.3755 	DATA 	Keypress: 9
79.0918 	DATA 	Mouse: Left button down, pos=(722,89)
79.1073 	EXP 	recall_txt: autoDraw = False
79.1073 	EXP 	textbox: autoDraw = False
79.1073 	EXP 	cont_button: autoDraw = False
79.1073 	EXP 	feedback_text: text = 'Incorrect'
79.1073 	EXP 	feedback_text: autoDraw = True
79.1751 	DATA 	Mouse:  Left button up, pos=(722,89)
80.0912 	EXP 	New trial (rep=0, index=3): {'trialNumber': 4}
80.0918 	EXP 	Created sequence: random, trialTypes=1, nReps=3, seed=None
80.0920 	EXP 	New trial (rep=0, index=0): None
80.1073 	EXP 	feedback_text: autoDraw = False
80.1073 	EXP 	feedback_text: autoDraw = False
80.1073 	EXP 	presentation_text: height = 0.1
80.1073 	EXP 	presentation_text: height = 0.1
80.1073 	EXP 	presentation_text: height = 0.1
80.1073 	EXP 	presentation_text: text = 3
80.1073 	EXP 	fixation: autoDraw = True
81.0907 	EXP 	presentation_text: autoDraw = True
81.1078 	EXP 	fixation: autoDraw = False
82.0748 	EXP 	New trial (rep=1, index=0): None
82.0907 	EXP 	presentation_text: autoDraw = False
82.0907 	EXP 	fixation: autoDraw = False
82.0907 	EXP 	presentation_text: autoDraw = False
82.0907 	EXP 	presentation_text: height = 0.1
82.0907 	EXP 	presentation_text: height = 0.1
82.0907 	EXP 	presentation_text: height = 0.1
82.0907 	EXP 	presentation_text: text = 8
82.0907 	EXP 	fixation: autoDraw = True
83.0915 	EXP 	fixation: autoDraw = False
83.0915 	EXP 	presentation_text: autoDraw = True
84.0747 	EXP 	New trial (rep=2, index=0): None
84.0908 	EXP 	presentation_text: autoDraw = False
84.0908 	EXP 	fixation: autoDraw = False
84.0908 	EXP 	presentation_text: autoDraw = False
84.0908 	EXP 	presentation_text: height = 0.1
84.0908 	EXP 	presentation_text: height = 0.1
84.0908 	EXP 	presentation_text: height = 0.1
84.0908 	EXP 	presentation_text: text = 2
84.0908 	EXP 	fixation: autoDraw = True
85.0908 	EXP 	fixation: autoDraw = False
85.0908 	EXP 	presentation_text: autoDraw = True
86.0909 	EXP 	presentation_text: autoDraw = False
86.0909 	EXP 	fixation: autoDraw = False
86.0909 	EXP 	presentation_text: autoDraw = False
86.0909 	EXP 	recall_txt: autoDraw = True
86.0909 	EXP 	textbox: autoDraw = True
86.0909 	EXP 	cont_button: autoDraw = True
87.4118 	DATA 	Keypress: 5
87.4758 	DATA 	Keypress: 6
87.5106 	DATA 	Keypress: 7
87.5593 	DATA 	Keypress: 8
88.0583 	DATA 	Mouse: Left button down, pos=(722,89)
88.0751 	EXP 	recall_txt: autoDraw = False
88.0751 	EXP 	textbox: autoDraw = False
88.0751 	EXP 	cont_button: autoDraw = False
88.0751 	EXP 	feedback_text: text = 'Incorrect'
88.0751 	EXP 	feedback_text: autoDraw = True
88.1259 	DATA 	Mouse:  Left button up, pos=(712,89)
89.0583 	EXP 	New trial (rep=0, index=4): {'trialNumber': 5}
89.0591 	EXP 	Created sequence: random, trialTypes=1, nReps=3, seed=None
89.0593 	EXP 	New trial (rep=0, index=0): None
89.0740 	EXP 	feedback_text: autoDraw = False
89.0740 	EXP 	feedback_text: autoDraw = False
89.0740 	EXP 	presentation_text: height = 0.1
89.0740 	EXP 	presentation_text: height = 0.1
89.0740 	EXP 	presentation_text: height = 0.1
89.0740 	EXP 	presentation_text: text = 4
89.0740 	EXP 	fixation: autoDraw = True
90.0578 	EXP 	presentation_text: autoDraw = True
90.0746 	EXP 	fixation: autoDraw = False
91.0418 	EXP 	New trial (rep=1, index=0): None
91.0578 	EXP 	presentation_text: autoDraw = False
91.0578 	EXP 	fixation: autoDraw = False
91.0578 	EXP 	presentation_text: autoDraw = False
91.0578 	EXP 	presentation_text: height = 0.1
91.0578 	EXP 	presentation_text: height = 0.1
91.0578 	EXP 	presentation_text: height = 0.1
91.0578 	EXP 	presentation_text: text = 8
91.0744 	EXP 	fixation: autoDraw = True
92.0585 	EXP 	presentation_text: autoDraw = True
92.0753 	EXP 	fixation: autoDraw = False
93.0418 	EXP 	New trial (rep=2, index=0): None
93.0583 	EXP 	presentation_text: autoDraw = False
93.0583 	EXP 	fixation: autoDraw = False
93.0583 	EXP 	presentation_text: autoDraw = False
93.0583 	EXP 	presentation_text: height = 0.1
93.0583 	EXP 	presentation_text: height = 0.1
93.0583 	EXP 	presentation_text: height = 0.1
93.0583 	EXP 	presentation_text: text = 1
93.0583 	EXP 	fixation: autoDraw = True
94.0580 	EXP 	fixation: autoDraw = False
94.0580 	EXP 	presentation_text: autoDraw = True
95.0585 	EXP 	presentation_text: autoDraw = False
95.0585 	EXP 	fixation: autoDraw = False
95.0585 	EXP 	presentation_text: autoDraw = False
95.0585 	EXP 	recall_txt: autoDraw = True
95.0585 	EXP 	textbox: autoDraw = True
95.0585 	EXP 	cont_button: autoDraw = True
95.5091 	DATA 	Keypress: 5
95.7095 	DATA 	Keypress: 6
95.7761 	DATA 	Keypress: 7
95.8262 	DATA 	Keypress: 8
95.9100 	DATA 	Keypress: 9
96.4420 	DATA 	Mouse: Left button down, pos=(712,89)
96.4582 	EXP 	recall_txt: autoDraw = False
96.4582 	EXP 	textbox: autoDraw = False
96.4582 	EXP 	cont_button: autoDraw = False
96.4582 	EXP 	feedback_text: text = 'Incorrect'
96.4582 	EXP 	feedback_text: autoDraw = True
96.5431 	DATA 	Mouse:  Left button up, pos=(712,89)
97.4419 	EXP 	New trial (rep=0, index=5): {'trialNumber': 6}
97.4426 	EXP 	Created sequence: random, trialTypes=1, nReps=3, seed=None
97.4427 	EXP 	New trial (rep=0, index=0): None
97.4583 	EXP 	feedback_text: autoDraw = False
97.4583 	EXP 	feedback_text: autoDraw = False
97.4583 	EXP 	presentation_text: height = 0.1
97.4583 	EXP 	presentation_text: height = 0.1
97.4583 	EXP 	presentation_text: height = 0.1
97.4583 	EXP 	presentation_text: text = 1
97.4583 	EXP 	fixation: autoDraw = True
98.4416 	EXP 	presentation_text: autoDraw = True
98.4587 	EXP 	fixation: autoDraw = False
99.4256 	EXP 	New trial (rep=1, index=0): None
99.4415 	EXP 	presentation_text: autoDraw = False
99.4415 	EXP 	fixation: autoDraw = False
99.4415 	EXP 	presentation_text: autoDraw = False
99.4415 	EXP 	presentation_text: height = 0.1
99.4415 	EXP 	presentation_text: height = 0.1
99.4415 	EXP 	presentation_text: height = 0.1
99.4415 	EXP 	presentation_text: text = 6
99.4415 	EXP 	fixation: autoDraw = True
100.4414 	EXP 	fixation: autoDraw = False
100.4414 	EXP 	presentation_text: autoDraw = True
101.4263 	EXP 	New trial (rep=2, index=0): None
101.4424 	EXP 	presentation_text: autoDraw = False
101.4424 	EXP 	fixation: autoDraw = False
101.4424 	EXP 	presentation_text: autoDraw = False
101.4424 	EXP 	presentation_text: height = 0.1
101.4424 	EXP 	presentation_text: height = 0.1
101.4424 	EXP 	presentation_text: height = 0.1
101.4424 	EXP 	presentation_text: text = 5
101.4424 	EXP 	fixation: autoDraw = True
102.4425 	EXP 	fixation: autoDraw = False
102.4425 	EXP 	presentation_text: autoDraw = True
103.4416 	EXP 	presentation_text: autoDraw = False
103.4416 	EXP 	fixation: autoDraw = False
103.4416 	EXP 	presentation_text: autoDraw = False
103.4416 	EXP 	recall_txt: autoDraw = True
103.4416 	EXP 	textbox: autoDraw = True
103.4416 	EXP 	cont_button: autoDraw = True
105.5274 	DATA 	Keypress: 5
105.6098 	DATA 	Keypress: 6
105.6616 	DATA 	Keypress: 7
105.7266 	DATA 	Keypress: 8
106.2921 	DATA 	Mouse: Left button down, pos=(712,89)
106.3083 	EXP 	recall_txt: autoDraw = False
106.3083 	EXP 	textbox: autoDraw = False
106.3083 	EXP 	cont_button: autoDraw = False
106.3083 	EXP 	feedback_text: text = 'Incorrect'
106.3083 	EXP 	feedback_text: autoDraw = True
106.3763 	DATA 	Mouse:  Left button up, pos=(712,89)
107.2926 	EXP 	New trial (rep=0, index=6): {'trialNumber': 7}
107.2933 	EXP 	Created sequence: random, trialTypes=1, nReps=3, seed=None
107.2934 	EXP 	New trial (rep=0, index=0): None
107.3084 	EXP 	feedback_text: autoDraw = False
107.3084 	EXP 	feedback_text: autoDraw = False
107.3084 	EXP 	presentation_text: height = 0.1
107.3084 	EXP 	presentation_text: height = 0.1
107.3084 	EXP 	presentation_text: height = 0.1
107.3084 	EXP 	presentation_text: text = 6
107.3084 	EXP 	fixation: autoDraw = True
108.2917 	EXP 	presentation_text: autoDraw = True
108.3087 	EXP 	fixation: autoDraw = False
109.2760 	EXP 	New trial (rep=1, index=0): None
109.2918 	EXP 	presentation_text: autoDraw = False
109.2918 	EXP 	fixation: autoDraw = False
109.2918 	EXP 	presentation_text: autoDraw = False
109.2918 	EXP 	presentation_text: height = 0.1
109.2918 	EXP 	presentation_text: height = 0.1
109.2918 	EXP 	presentation_text: height = 0.1
109.2918 	EXP 	presentation_text: text = 1
109.2918 	EXP 	fixation: autoDraw = True
110.2918 	EXP 	fixation: autoDraw = False
110.3085 	EXP 	presentation_text: autoDraw = True
111.2936 	EXP 	New trial (rep=2, index=0): None
111.3094 	EXP 	presentation_text: autoDraw = False
111.3094 	EXP 	fixation: autoDraw = False
111.3094 	EXP 	presentation_text: autoDraw = False
111.3094 	EXP 	presentation_text: height = 0.1
111.3094 	EXP 	presentation_text: height = 0.1
111.3094 	EXP 	presentation_text: height = 0.1
111.3094 	EXP 	presentation_text: text = 2
111.3094 	EXP 	fixation: autoDraw = True
112.3089 	EXP 	fixation: autoDraw = False
112.3089 	EXP 	presentation_text: autoDraw = True
113.3089 	EXP 	presentation_text: autoDraw = False
113.3089 	EXP 	fixation: autoDraw = False
113.3089 	EXP 	presentation_text: autoDraw = False
113.3089 	EXP 	recall_txt: autoDraw = True
113.3089 	EXP 	textbox: autoDraw = True
113.3089 	EXP 	cont_button: autoDraw = True
113.7938 	DATA 	Keypress: 5
113.9771 	DATA 	Keypress: 6
114.0435 	DATA 	Keypress: 7
114.0937 	DATA 	Keypress: 8
114.1772 	DATA 	Keypress: 9
114.8446 	DATA 	Mouse: Left button down, pos=(712,89)
114.8755 	EXP 	recall_txt: autoDraw = False
114.8755 	EXP 	textbox: autoDraw = False
114.8755 	EXP 	cont_button: autoDraw = False
114.8755 	EXP 	feedback_text: text = 'Incorrect'
114.8755 	EXP 	feedback_text: autoDraw = True
114.9931 	DATA 	Mouse:  Left button up, pos=(712,89)
115.8594 	EXP 	New trial (rep=0, index=7): {'trialNumber': 8}
115.8601 	EXP 	Created sequence: random, trialTypes=1, nReps=3, seed=None
115.8603 	EXP 	New trial (rep=0, index=0): None
115.8758 	EXP 	feedback_text: autoDraw = False
115.8758 	EXP 	feedback_text: autoDraw = False
115.8758 	EXP 	presentation_text: height = 0.1
115.8758 	EXP 	presentation_text: height = 0.1
115.8758 	EXP 	presentation_text: height = 0.1
115.8758 	EXP 	presentation_text: text = 7
115.8758 	EXP 	fixation: autoDraw = True
116.8590 	EXP 	presentation_text: autoDraw = True
116.8755 	EXP 	fixation: autoDraw = False
117.8429 	EXP 	New trial (rep=1, index=0): None
117.8591 	EXP 	presentation_text: autoDraw = False
117.8591 	EXP 	fixation: autoDraw = False
117.8591 	EXP 	presentation_text: autoDraw = False
117.8591 	EXP 	presentation_text: height = 0.1
117.8591 	EXP 	presentation_text: height = 0.1
117.8591 	EXP 	presentation_text: height = 0.1
117.8591 	EXP 	presentation_text: text = 2
117.8591 	EXP 	fixation: autoDraw = True
118.8590 	EXP 	fixation: autoDraw = False
118.8590 	EXP 	presentation_text: autoDraw = True
119.8437 	EXP 	New trial (rep=2, index=0): None
119.8595 	EXP 	presentation_text: autoDraw = False
119.8595 	EXP 	fixation: autoDraw = False
119.8595 	EXP 	presentation_text: autoDraw = False
119.8595 	EXP 	presentation_text: height = 0.1
119.8595 	EXP 	presentation_text: height = 0.1
119.8595 	EXP 	presentation_text: height = 0.1
119.8595 	EXP 	presentation_text: text = 6
119.8595 	EXP 	fixation: autoDraw = True
120.8593 	EXP 	fixation: autoDraw = False
120.8593 	EXP 	presentation_text: autoDraw = True
121.8591 	EXP 	presentation_text: autoDraw = False
121.8591 	EXP 	fixation: autoDraw = False
121.8591 	EXP 	presentation_text: autoDraw = False
121.8591 	EXP 	recall_txt: autoDraw = True
121.8591 	EXP 	textbox: autoDraw = True
121.8591 	EXP 	cont_button: autoDraw = True
123.1776 	DATA 	Keypress: 5
123.3604 	DATA 	Keypress: 6
123.4299 	DATA 	Keypress: 7
123.4941 	DATA 	Keypress: 8
123.5443 	DATA 	Keypress: 9
123.6366 	DATA 	Keypress: 0
123.9931 	DATA 	Mouse: Left button down, pos=(712,89)
124.0091 	EXP 	recall_txt: autoDraw = False
124.0091 	EXP 	textbox: autoDraw = False
124.0091 	EXP 	cont_button: autoDraw = False
124.0091 	EXP 	feedback_text: text = 'Incorrect'
124.0091 	EXP 	feedback_text: autoDraw = True
124.1104 	DATA 	Mouse:  Left button up, pos=(712,89)
124.9933 	EXP 	New trial (rep=0, index=8): {'trialNumber': 9}
124.9939 	EXP 	Created sequence: random, trialTypes=1, nReps=3, seed=None
124.9941 	EXP 	New trial (rep=0, index=0): None
125.0093 	EXP 	feedback_text: autoDraw = False
125.0093 	EXP 	feedback_text: autoDraw = False
125.0093 	EXP 	presentation_text: height = 0.1
125.0093 	EXP 	presentation_text: height = 0.1
125.0093 	EXP 	presentation_text: height = 0.1
125.0093 	EXP 	presentation_text: text = 3
125.0093 	EXP 	fixation: autoDraw = True
126.0095 	EXP 	fixation: autoDraw = False
126.0095 	EXP 	presentation_text: autoDraw = True
126.9933 	EXP 	New trial (rep=1, index=0): None
127.0092 	EXP 	presentation_text: autoDraw = False
127.0092 	EXP 	fixation: autoDraw = False
127.0092 	EXP 	presentation_text: autoDraw = False
127.0092 	EXP 	presentation_text: height = 0.1
127.0092 	EXP 	presentation_text: height = 0.1
127.0092 	EXP 	presentation_text: height = 0.1
127.0092 	EXP 	presentation_text: text = 9
127.0092 	EXP 	fixation: autoDraw = True
127.9930 	EXP 	presentation_text: autoDraw = True
128.0103 	EXP 	fixation: autoDraw = False
128.9774 	EXP 	New trial (rep=2, index=0): None
128.9934 	EXP 	presentation_text: autoDraw = False
128.9934 	EXP 	fixation: autoDraw = False
128.9934 	EXP 	presentation_text: autoDraw = False
128.9934 	EXP 	presentation_text: height = 0.1
128.9934 	EXP 	presentation_text: height = 0.1
128.9934 	EXP 	presentation_text: height = 0.1
128.9934 	EXP 	presentation_text: text = 1
128.9934 	EXP 	fixation: autoDraw = True
129.9928 	EXP 	fixation: autoDraw = False
129.9928 	EXP 	presentation_text: autoDraw = True
130.9933 	EXP 	presentation_text: autoDraw = False
130.9933 	EXP 	fixation: autoDraw = False
130.9933 	EXP 	presentation_text: autoDraw = False
131.0101 	EXP 	recall_txt: autoDraw = True
131.0101 	EXP 	textbox: autoDraw = True
131.0101 	EXP 	cont_button: autoDraw = True
137.5948 	DATA 	Keypress: 5
137.7448 	DATA 	Keypress: 6
137.7947 	DATA 	Keypress: 7
137.8444 	DATA 	Keypress: 8
138.2294 	DATA 	Mouse: Left button down, pos=(712,89)
138.2596 	EXP 	recall_txt: autoDraw = False
138.2596 	EXP 	textbox: autoDraw = False
138.2596 	EXP 	cont_button: autoDraw = False
138.2596 	EXP 	feedback_text: text = 'Incorrect'
138.2596 	EXP 	feedback_text: autoDraw = True
138.3107 	DATA 	Mouse:  Left button up, pos=(712,89)
139.2437 	EXP 	New trial (rep=0, index=9): {'trialNumber': 10}
139.2445 	EXP 	Created sequence: random, trialTypes=1, nReps=3, seed=None
139.2447 	EXP 	New trial (rep=0, index=0): None
139.2597 	EXP 	feedback_text: autoDraw = False
139.2597 	EXP 	feedback_text: autoDraw = False
139.2597 	EXP 	presentation_text: height = 0.1
139.2597 	EXP 	presentation_text: height = 0.1
139.2597 	EXP 	presentation_text: height = 0.1
139.2597 	EXP 	presentation_text: text = 9
139.2597 	EXP 	fixation: autoDraw = True
140.2598 	EXP 	fixation: autoDraw = False
140.2598 	EXP 	presentation_text: autoDraw = True
141.2441 	EXP 	New trial (rep=1, index=0): None
141.2600 	EXP 	presentation_text: autoDraw = False
141.2600 	EXP 	fixation: autoDraw = False
141.2600 	EXP 	presentation_text: autoDraw = False
141.2600 	EXP 	presentation_text: height = 0.1
141.2600 	EXP 	presentation_text: height = 0.1
141.2600 	EXP 	presentation_text: height = 0.1
141.2600 	EXP 	presentation_text: text = 3
141.2600 	EXP 	fixation: autoDraw = True
142.2434 	EXP 	presentation_text: autoDraw = True
142.2599 	EXP 	fixation: autoDraw = False
143.2272 	EXP 	New trial (rep=2, index=0): None
143.2431 	EXP 	presentation_text: autoDraw = False
143.2431 	EXP 	fixation: autoDraw = False
143.2431 	EXP 	presentation_text: autoDraw = False
143.2431 	EXP 	presentation_text: height = 0.1
143.2431 	EXP 	presentation_text: height = 0.1
143.2431 	EXP 	presentation_text: height = 0.1
143.2431 	EXP 	presentation_text: text = 1
143.2431 	EXP 	fixation: autoDraw = True
144.2440 	EXP 	fixation: autoDraw = False
144.2440 	EXP 	presentation_text: autoDraw = True
145.2433 	EXP 	presentation_text: autoDraw = False
145.2433 	EXP 	fixation: autoDraw = False
145.2433 	EXP 	presentation_text: autoDraw = False
145.2433 	EXP 	recall_txt: autoDraw = True
145.2433 	EXP 	textbox: autoDraw = True
145.2433 	EXP 	cont_button: autoDraw = True
147.7116 	DATA 	Keypress: 5
147.8116 	DATA 	Keypress: 6
147.8616 	DATA 	Keypress: 7
147.9118 	DATA 	Keypress: 8
148.3942 	DATA 	Mouse: Left button down, pos=(712,89)
148.4105 	EXP 	recall_txt: autoDraw = False
148.4105 	EXP 	textbox: autoDraw = False
148.4105 	EXP 	cont_button: autoDraw = False
148.4105 	EXP 	feedback_text: text = 'Incorrect'
148.4105 	EXP 	feedback_text: autoDraw = True
148.4778 	DATA 	Mouse:  Left button up, pos=(712,89)
149.3943 	EXP 	New trial (rep=0, index=10): {'trialNumber': 11}
149.3950 	EXP 	Created sequence: random, trialTypes=1, nReps=3, seed=None
149.3952 	EXP 	New trial (rep=0, index=0): None
149.4105 	EXP 	feedback_text: autoDraw = False
149.4105 	EXP 	feedback_text: autoDraw = False
149.4105 	EXP 	presentation_text: height = 0.1
149.4105 	EXP 	presentation_text: height = 0.1
149.4105 	EXP 	presentation_text: height = 0.1
149.4105 	EXP 	presentation_text: text = 9
149.4105 	EXP 	fixation: autoDraw = True
150.3946 	EXP 	presentation_text: autoDraw = True
150.4107 	EXP 	fixation: autoDraw = False
151.3942 	EXP 	New trial (rep=1, index=0): None
151.4103 	EXP 	presentation_text: autoDraw = False
151.4103 	EXP 	fixation: autoDraw = False
151.4103 	EXP 	presentation_text: autoDraw = False
151.4103 	EXP 	presentation_text: height = 0.1
151.4103 	EXP 	presentation_text: height = 0.1
151.4103 	EXP 	presentation_text: height = 0.1
151.4103 	EXP 	presentation_text: text = 4
151.4103 	EXP 	fixation: autoDraw = True
152.4101 	EXP 	fixation: autoDraw = False
152.4101 	EXP 	presentation_text: autoDraw = True
153.3944 	EXP 	New trial (rep=2, index=0): None
153.4105 	EXP 	presentation_text: autoDraw = False
153.4105 	EXP 	fixation: autoDraw = False
153.4105 	EXP 	presentation_text: autoDraw = False
153.4105 	EXP 	presentation_text: height = 0.1
153.4105 	EXP 	presentation_text: height = 0.1
153.4105 	EXP 	presentation_text: height = 0.1
153.4105 	EXP 	presentation_text: text = 5
153.4105 	EXP 	fixation: autoDraw = True
154.3937 	EXP 	presentation_text: autoDraw = True
154.4103 	EXP 	fixation: autoDraw = False
155.3936 	EXP 	presentation_text: autoDraw = False
155.3936 	EXP 	fixation: autoDraw = False
155.3936 	EXP 	presentation_text: autoDraw = False
155.3936 	EXP 	recall_txt: autoDraw = True
155.3936 	EXP 	textbox: autoDraw = True
155.3936 	EXP 	cont_button: autoDraw = True
155.8453 	DATA 	Keypress: 5
155.8785 	DATA 	Keypress: 6
155.9286 	DATA 	Keypress: 7
155.9794 	DATA 	Keypress: 8
156.3946 	DATA 	Mouse: Left button down, pos=(712,89)
156.4104 	EXP 	recall_txt: autoDraw = False
156.4104 	EXP 	textbox: autoDraw = False
156.4104 	EXP 	cont_button: autoDraw = False
156.4104 	EXP 	feedback_text: text = 'Incorrect'
156.4104 	EXP 	feedback_text: autoDraw = True
156.4952 	DATA 	Mouse:  Left button up, pos=(712,89)
157.3949 	EXP 	New trial (rep=0, index=11): {'trialNumber': 12}
157.3954 	EXP 	Created sequence: random, trialTypes=1, nReps=3, seed=None
157.3955 	EXP 	New trial (rep=0, index=0): None
157.4105 	EXP 	feedback_text: autoDraw = False
157.4105 	EXP 	feedback_text: autoDraw = False
157.4105 	EXP 	presentation_text: height = 0.1
157.4105 	EXP 	presentation_text: height = 0.1
157.4105 	EXP 	presentation_text: height = 0.1
157.4105 	EXP 	presentation_text: text = 2
157.4105 	EXP 	fixation: autoDraw = True
158.3944 	EXP 	presentation_text: autoDraw = True
158.4111 	EXP 	fixation: autoDraw = False
159.3786 	EXP 	New trial (rep=1, index=0): None
159.3938 	EXP 	presentation_text: autoDraw = False
159.3938 	EXP 	fixation: autoDraw = False
159.3938 	EXP 	presentation_text: autoDraw = False
159.3938 	EXP 	presentation_text: height = 0.1
159.3938 	EXP 	presentation_text: height = 0.1
159.3938 	EXP 	presentation_text: height = 0.1
159.3938 	EXP 	presentation_text: text = 1
159.3938 	EXP 	fixation: autoDraw = True
160.3946 	EXP 	fixation: autoDraw = False
160.3946 	EXP 	presentation_text: autoDraw = True
161.3783 	EXP 	New trial (rep=2, index=0): None
161.3941 	EXP 	presentation_text: autoDraw = False
161.3941 	EXP 	fixation: autoDraw = False
161.3941 	EXP 	presentation_text: autoDraw = False
161.3941 	EXP 	presentation_text: height = 0.1
161.3941 	EXP 	presentation_text: height = 0.1
161.3941 	EXP 	presentation_text: height = 0.1
161.3941 	EXP 	presentation_text: text = 7
161.3941 	EXP 	fixation: autoDraw = True
162.3939 	EXP 	fixation: autoDraw = False
162.4107 	EXP 	presentation_text: autoDraw = True
163.4108 	EXP 	presentation_text: autoDraw = False
163.4108 	EXP 	fixation: autoDraw = False
163.4108 	EXP 	presentation_text: autoDraw = False
163.4108 	EXP 	recall_txt: autoDraw = True
163.4108 	EXP 	textbox: autoDraw = True
163.4108 	EXP 	cont_button: autoDraw = True
164.5800 	DATA 	Keypress: 6
164.6794 	DATA 	Keypress: 7
164.7299 	DATA 	Keypress: 8
164.7959 	DATA 	Keypress: 9
165.3444 	DATA 	Mouse: Left button down, pos=(712,89)
165.3606 	EXP 	recall_txt: autoDraw = False
165.3606 	EXP 	textbox: autoDraw = False
165.3606 	EXP 	cont_button: autoDraw = False
165.3606 	EXP 	feedback_text: text = 'Incorrect'
165.3606 	EXP 	feedback_text: autoDraw = True
165.4286 	DATA 	Mouse:  Left button up, pos=(712,89)
166.3447 	EXP 	New trial (rep=0, index=12): {'trialNumber': 13}
166.3454 	EXP 	Created sequence: random, trialTypes=1, nReps=3, seed=None
166.3456 	EXP 	New trial (rep=0, index=0): None
166.3608 	EXP 	feedback_text: autoDraw = False
166.3608 	EXP 	feedback_text: autoDraw = False
166.3608 	EXP 	presentation_text: height = 0.1
166.3608 	EXP 	presentation_text: height = 0.1
166.3608 	EXP 	presentation_text: height = 0.1
166.3608 	EXP 	presentation_text: text = 5
166.3608 	EXP 	fixation: autoDraw = True
167.3446 	EXP 	presentation_text: autoDraw = True
167.3609 	EXP 	fixation: autoDraw = False
168.3289 	EXP 	New trial (rep=1, index=0): None
168.3455 	EXP 	presentation_text: autoDraw = False
168.3455 	EXP 	fixation: autoDraw = False
168.3455 	EXP 	presentation_text: autoDraw = False
168.3455 	EXP 	presentation_text: height = 0.1
168.3455 	EXP 	presentation_text: height = 0.1
168.3455 	EXP 	presentation_text: height = 0.1
168.3455 	EXP 	presentation_text: text = 8
168.3455 	EXP 	fixation: autoDraw = True
169.3447 	EXP 	fixation: autoDraw = False
169.3447 	EXP 	presentation_text: autoDraw = True
170.3287 	EXP 	New trial (rep=2, index=0): None
170.3451 	EXP 	presentation_text: autoDraw = False
170.3451 	EXP 	fixation: autoDraw = False
170.3451 	EXP 	presentation_text: autoDraw = False
170.3451 	EXP 	presentation_text: height = 0.1
170.3451 	EXP 	presentation_text: height = 0.1
170.3451 	EXP 	presentation_text: height = 0.1
170.3451 	EXP 	presentation_text: text = 9
170.3451 	EXP 	fixation: autoDraw = True
171.3443 	EXP 	fixation: autoDraw = False
171.3443 	EXP 	presentation_text: autoDraw = True
172.3445 	EXP 	presentation_text: autoDraw = False
172.3445 	EXP 	fixation: autoDraw = False
172.3445 	EXP 	presentation_text: autoDraw = False
172.3445 	EXP 	recall_txt: autoDraw = True
172.3445 	EXP 	textbox: autoDraw = True
172.3445 	EXP 	cont_button: autoDraw = True
173.9320 	DATA 	Keypress: 5
174.0967 	DATA 	Keypress: 6
174.1648 	DATA 	Keypress: 7
174.2295 	DATA 	Keypress: 8
174.2801 	DATA 	Keypress: 9
174.7614 	DATA 	Mouse: Left button down, pos=(712,89)
174.7782 	EXP 	recall_txt: autoDraw = False
174.7782 	EXP 	textbox: autoDraw = False
174.7782 	EXP 	cont_button: autoDraw = False
174.7782 	EXP 	feedback_text: text = 'Incorrect'
174.7782 	EXP 	feedback_text: autoDraw = True
174.8626 	DATA 	Mouse:  Left button up, pos=(712,89)
175.7618 	EXP 	New trial (rep=0, index=13): {'trialNumber': 14}
175.7627 	EXP 	Created sequence: random, trialTypes=1, nReps=3, seed=None
175.7629 	EXP 	New trial (rep=0, index=0): None
175.7776 	EXP 	feedback_text: autoDraw = False
175.7776 	EXP 	feedback_text: autoDraw = False
175.7776 	EXP 	presentation_text: height = 0.1
175.7776 	EXP 	presentation_text: height = 0.1
175.7776 	EXP 	presentation_text: height = 0.1
175.7776 	EXP 	presentation_text: text = 1
175.7776 	EXP 	fixation: autoDraw = True
176.7614 	EXP 	presentation_text: autoDraw = True
176.7777 	EXP 	fixation: autoDraw = False
177.7453 	EXP 	New trial (rep=1, index=0): None
177.7611 	EXP 	presentation_text: autoDraw = False
177.7611 	EXP 	fixation: autoDraw = False
177.7611 	EXP 	presentation_text: autoDraw = False
177.7611 	EXP 	presentation_text: height = 0.1
177.7611 	EXP 	presentation_text: height = 0.1
177.7611 	EXP 	presentation_text: height = 0.1
177.7611 	EXP 	presentation_text: text = 8
177.7777 	EXP 	fixation: autoDraw = True
178.7618 	EXP 	presentation_text: autoDraw = True
178.7790 	EXP 	fixation: autoDraw = False
179.7456 	EXP 	New trial (rep=2, index=0): None
179.7620 	EXP 	presentation_text: autoDraw = False
179.7620 	EXP 	fixation: autoDraw = False
179.7620 	EXP 	presentation_text: autoDraw = False
179.7620 	EXP 	presentation_text: height = 0.1
179.7620 	EXP 	presentation_text: height = 0.1
179.7620 	EXP 	presentation_text: height = 0.1
179.7620 	EXP 	presentation_text: text = 7
179.7620 	EXP 	fixation: autoDraw = True
180.7622 	EXP 	fixation: autoDraw = False
180.7622 	EXP 	presentation_text: autoDraw = True
181.7619 	EXP 	presentation_text: autoDraw = False
181.7619 	EXP 	fixation: autoDraw = False
181.7619 	EXP 	presentation_text: autoDraw = False
181.7619 	EXP 	recall_txt: autoDraw = True
181.7619 	EXP 	textbox: autoDraw = True
181.7619 	EXP 	cont_button: autoDraw = True
187.7964 	DATA 	Keypress: 5
187.8631 	DATA 	Keypress: 6
187.9470 	DATA 	Keypress: 7
187.9973 	DATA 	Keypress: 8
188.0468 	DATA 	Keypress: 9
188.5287 	DATA 	Mouse: Left button down, pos=(712,89)
188.5450 	EXP 	recall_txt: autoDraw = False
188.5450 	EXP 	textbox: autoDraw = False
188.5450 	EXP 	cont_button: autoDraw = False
188.5450 	EXP 	feedback_text: text = 'Incorrect'
188.5450 	EXP 	feedback_text: autoDraw = True
188.6296 	DATA 	Mouse:  Left button up, pos=(712,89)
189.5457 	EXP 	feedback_text: autoDraw = False
189.5457 	EXP 	feedback_text: autoDraw = False
189.5457 	EXP 	roundTransition: autoDraw = True
194.1659 	DATA 	Keypress: return
194.1793 	EXP 	roundTransition: autoDraw = False
194.1793 	EXP 	BSGenInsText: autoDraw = True
194.6857 	EXP 	Imported digitSpanPractice.xlsx as conditions, 2 conditions, 5 params
194.6862 	EXP 	Created sequence: sequential, trialTypes=2, nReps=1, seed=None
194.6866 	EXP 	New trial (rep=0, index=0): {'digitSpanForward': 3, 'digits': 342, 'digitsReverse': 24, 'digitSpanReverse': 2, 'digitsReverseCorrAnswer': 42}
194.6868 	EXP 	Created sequence: sequential, trialTypes=1, nReps=2, seed=None
194.6870 	EXP 	New trial (rep=0, index=0): None
194.6917 	DATA 	Keypress: return
194.6969 	EXP 	BSGenInsText: autoDraw = False
194.6969 	EXP 	pres_text_practice_2: height = 0.1
194.6969 	EXP 	pres_text_practice_2: height = 0.1
194.6969 	EXP 	pres_text_practice_2: height = 0.1
194.6969 	EXP 	pres_text_practice_2: text = '2'
194.6969 	EXP 	fixation_3: autoDraw = True
195.6795 	EXP 	pres_text_practice_2: autoDraw = True
195.6965 	EXP 	fixation_3: autoDraw = False
196.6628 	EXP 	New trial (rep=1, index=0): None
196.6788 	EXP 	pres_text_practice_2: autoDraw = False
196.6788 	EXP 	fixation_3: autoDraw = False
196.6788 	EXP 	pres_text_practice_2: autoDraw = False
196.6788 	EXP 	pres_text_practice_2: height = 0.1
196.6788 	EXP 	pres_text_practice_2: height = 0.1
196.6788 	EXP 	pres_text_practice_2: height = 0.1
196.6788 	EXP 	pres_text_practice_2: text = '4'
196.6788 	EXP 	fixation_3: autoDraw = True
197.6793 	EXP 	fixation_3: autoDraw = False
197.6793 	EXP 	pres_text_practice_2: autoDraw = True
198.6793 	EXP 	pres_text_practice_2: autoDraw = False
198.6793 	EXP 	fixation_3: autoDraw = False
198.6793 	EXP 	pres_text_practice_2: autoDraw = False
198.6793 	EXP 	recall_txtPractice_2: autoDraw = True
198.6793 	EXP 	textboxPractice_2: autoDraw = True
198.6793 	EXP 	cont_buttonPractice_2: autoDraw = True
199.7640 	DATA 	Keypress: 5
199.8808 	DATA 	Keypress: 6
199.9325 	DATA 	Keypress: 7
199.9970 	DATA 	Keypress: 8
200.5463 	DATA 	Mouse: Left button down, pos=(712,89)
200.5624 	EXP 	recall_txtPractice_2: autoDraw = False
200.5624 	EXP 	textboxPractice_2: autoDraw = False
200.5624 	EXP 	cont_buttonPractice_2: autoDraw = False
200.5624 	EXP 	feedbac_textPractice_2: height = 0.04
200.5624 	EXP 	feedbac_textPractice_2: height = 0.04
200.5624 	EXP 	feedbac_textPractice_2: height = 0.04
200.5624 	EXP 	feedbac_textPractice_2: text = 'Incorrect'
200.5624 	EXP 	feedbac_textPractice_2: autoDraw = True
200.6300 	DATA 	Mouse:  Left button up, pos=(712,89)
201.5464 	EXP 	New trial (rep=0, index=1): {'digitSpanForward': 3, 'digits': 937, 'digitsReverse': 73, 'digitSpanReverse': 2, 'digitsReverseCorrAnswer': 37}
201.5468 	EXP 	Created sequence: sequential, trialTypes=1, nReps=2, seed=None
201.5471 	EXP 	New trial (rep=0, index=0): None
201.5621 	EXP 	feedbac_textPractice_2: autoDraw = False
201.5621 	EXP 	feedbac_textPractice_2: autoDraw = False
201.5621 	EXP 	pres_text_practice_2: height = 0.1
201.5621 	EXP 	pres_text_practice_2: height = 0.1
201.5621 	EXP 	pres_text_practice_2: height = 0.1
201.5621 	EXP 	pres_text_practice_2: text = '7'
201.5621 	EXP 	fixation_3: autoDraw = True
202.5628 	EXP 	fixation_3: autoDraw = False
202.5628 	EXP 	pres_text_practice_2: autoDraw = True
203.5464 	EXP 	New trial (rep=1, index=0): None
203.5624 	EXP 	pres_text_practice_2: autoDraw = False
203.5624 	EXP 	fixation_3: autoDraw = False
203.5624 	EXP 	pres_text_practice_2: autoDraw = False
203.5624 	EXP 	pres_text_practice_2: height = 0.1
203.5624 	EXP 	pres_text_practice_2: height = 0.1
203.5624 	EXP 	pres_text_practice_2: height = 0.1
203.5624 	EXP 	pres_text_practice_2: text = '3'
203.5624 	EXP 	fixation_3: autoDraw = True
204.5626 	EXP 	fixation_3: autoDraw = False
204.5626 	EXP 	pres_text_practice_2: autoDraw = True
205.5628 	EXP 	pres_text_practice_2: autoDraw = False
205.5628 	EXP 	fixation_3: autoDraw = False
205.5628 	EXP 	pres_text_practice_2: autoDraw = False
205.5628 	EXP 	recall_txtPractice_2: autoDraw = True
205.5628 	EXP 	textboxPractice_2: autoDraw = True
205.5628 	EXP 	cont_buttonPractice_2: autoDraw = True
206.7639 	DATA 	Keypress: 6
206.7976 	DATA 	Keypress: 7
206.8473 	DATA 	Keypress: 8
206.8829 	DATA 	Keypress: 9
207.3131 	DATA 	Mouse: Left button down, pos=(712,89)
207.3296 	EXP 	recall_txtPractice_2: autoDraw = False
207.3296 	EXP 	textboxPractice_2: autoDraw = False
207.3296 	EXP 	cont_buttonPractice_2: autoDraw = False
207.3296 	EXP 	feedbac_textPractice_2: text = 'Incorrect'
207.3296 	EXP 	feedbac_textPractice_2: autoDraw = True
207.4138 	DATA 	Mouse:  Left button up, pos=(712,89)
208.3298 	EXP 	feedbac_textPractice_2: autoDraw = False
208.3298 	EXP 	feedbac_textPractice_2: autoDraw = False
208.3298 	EXP 	praccompleteBS: autoDraw = True
210.5370 	EXP 	Imported digitSpanTrialNumber.xlsx as conditions, 14 conditions, 1 params
210.5376 	EXP 	Created sequence: sequential, trialTypes=14, nReps=1, seed=None
210.5379 	EXP 	New trial (rep=0, index=0): {'trialNumber': 1}
210.5386 	EXP 	Created sequence: random, trialTypes=1, nReps=2, seed=None
210.5388 	EXP 	New trial (rep=0, index=0): None
210.5436 	DATA 	Keypress: return
210.5481 	EXP 	praccompleteBS: autoDraw = False
210.5481 	EXP 	presentation_textBS: height = 0.1
210.5481 	EXP 	presentation_textBS: height = 0.1
210.5481 	EXP 	presentation_textBS: height = 0.1
210.5481 	EXP 	presentation_textBS: text = 2
210.5481 	EXP 	fixationBS: autoDraw = True
211.5460 	EXP 	presentation_textBS: autoDraw = True
211.5632 	EXP 	fixationBS: autoDraw = False
212.5301 	EXP 	New trial (rep=1, index=0): None
212.5464 	EXP 	presentation_textBS: autoDraw = False
212.5464 	EXP 	fixationBS: autoDraw = False
212.5464 	EXP 	presentation_textBS: autoDraw = False
212.5464 	EXP 	presentation_textBS: height = 0.1
212.5464 	EXP 	presentation_textBS: height = 0.1
212.5464 	EXP 	presentation_textBS: height = 0.1
212.5464 	EXP 	presentation_textBS: text = 8
212.5464 	EXP 	fixationBS: autoDraw = True
213.5460 	EXP 	fixationBS: autoDraw = False
213.5460 	EXP 	presentation_textBS: autoDraw = True
214.5456 	EXP 	presentation_textBS: autoDraw = False
214.5456 	EXP 	fixationBS: autoDraw = False
214.5456 	EXP 	presentation_textBS: autoDraw = False
214.5456 	EXP 	recall_txtBS: autoDraw = True
214.5456 	EXP 	textboxBS: autoDraw = True
214.5456 	EXP 	cont_buttonBS: autoDraw = True
215.4143 	DATA 	Keypress: 5
215.4156 	DATA 	Keypress: 6
215.4814 	DATA 	Keypress: 7
215.5309 	DATA 	Keypress: 8
215.5830 	DATA 	Keypress: 9
215.9802 	DATA 	Mouse: Left button down, pos=(712,89)
215.9962 	EXP 	recall_txtBS: autoDraw = False
215.9962 	EXP 	textboxBS: autoDraw = False
215.9962 	EXP 	cont_buttonBS: autoDraw = False
215.9962 	EXP 	feedback_textBS: height = 0.04
215.9962 	EXP 	feedback_textBS: height = 0.04
215.9962 	EXP 	feedback_textBS: height = 0.04
215.9962 	EXP 	feedback_textBS: text = 'Incorrect'
215.9962 	EXP 	feedback_textBS: autoDraw = True
216.0647 	DATA 	Mouse:  Left button up, pos=(712,89)
216.9801 	EXP 	New trial (rep=0, index=1): {'trialNumber': 2}
216.9809 	EXP 	Created sequence: random, trialTypes=1, nReps=2, seed=None
216.9810 	EXP 	New trial (rep=0, index=0): None
216.9964 	EXP 	feedback_textBS: autoDraw = False
216.9964 	EXP 	feedback_textBS: autoDraw = False
216.9964 	EXP 	presentation_textBS: height = 0.1
216.9964 	EXP 	presentation_textBS: height = 0.1
216.9964 	EXP 	presentation_textBS: height = 0.1
216.9964 	EXP 	presentation_textBS: text = 6
216.9964 	EXP 	fixationBS: autoDraw = True
217.9796 	EXP 	presentation_textBS: autoDraw = True
217.9964 	EXP 	fixationBS: autoDraw = False
218.9639 	EXP 	New trial (rep=1, index=0): None
218.9796 	EXP 	presentation_textBS: autoDraw = False
218.9796 	EXP 	fixationBS: autoDraw = False
218.9796 	EXP 	presentation_textBS: autoDraw = False
218.9796 	EXP 	presentation_textBS: height = 0.1
218.9796 	EXP 	presentation_textBS: height = 0.1
218.9796 	EXP 	presentation_textBS: height = 0.1
218.9796 	EXP 	presentation_textBS: text = 5
218.9796 	EXP 	fixationBS: autoDraw = True
219.9798 	EXP 	fixationBS: autoDraw = False
219.9798 	EXP 	presentation_textBS: autoDraw = True
220.9797 	EXP 	presentation_textBS: autoDraw = False
220.9797 	EXP 	fixationBS: autoDraw = False
220.9797 	EXP 	presentation_textBS: autoDraw = False
220.9797 	EXP 	recall_txtBS: autoDraw = True
220.9797 	EXP 	textboxBS: autoDraw = True
220.9797 	EXP 	cont_buttonBS: autoDraw = True
221.9147 	DATA 	Keypress: 6
222.0164 	DATA 	Keypress: 7
222.0675 	DATA 	Keypress: 8
222.5636 	DATA 	Mouse: Left button down, pos=(712,89)
222.5797 	EXP 	recall_txtBS: autoDraw = False
222.5797 	EXP 	textboxBS: autoDraw = False
222.5797 	EXP 	cont_buttonBS: autoDraw = False
222.5797 	EXP 	feedback_textBS: text = 'Incorrect'
222.5797 	EXP 	feedback_textBS: autoDraw = True
222.6647 	DATA 	Mouse:  Left button up, pos=(712,89)
223.5638 	EXP 	New trial (rep=0, index=2): {'trialNumber': 3}
223.5645 	EXP 	Created sequence: random, trialTypes=1, nReps=2, seed=None
223.5647 	EXP 	New trial (rep=0, index=0): None
223.5801 	EXP 	feedback_textBS: autoDraw = False
223.5801 	EXP 	feedback_textBS: autoDraw = False
223.5801 	EXP 	presentation_textBS: height = 0.1
223.5801 	EXP 	presentation_textBS: height = 0.1
223.5801 	EXP 	presentation_textBS: height = 0.1
223.5801 	EXP 	presentation_textBS: text = 5
223.5801 	EXP 	fixationBS: autoDraw = True
224.5632 	EXP 	presentation_textBS: autoDraw = True
224.5797 	EXP 	fixationBS: autoDraw = False
225.5473 	EXP 	New trial (rep=1, index=0): None
225.5632 	EXP 	presentation_textBS: autoDraw = False
225.5632 	EXP 	fixationBS: autoDraw = False
225.5632 	EXP 	presentation_textBS: autoDraw = False
225.5632 	EXP 	presentation_textBS: height = 0.1
225.5632 	EXP 	presentation_textBS: height = 0.1
225.5632 	EXP 	presentation_textBS: height = 0.1
225.5632 	EXP 	presentation_textBS: text = 1
225.5632 	EXP 	fixationBS: autoDraw = True
226.5635 	EXP 	fixationBS: autoDraw = False
226.5635 	EXP 	presentation_textBS: autoDraw = True
227.5637 	EXP 	presentation_textBS: autoDraw = False
227.5637 	EXP 	fixationBS: autoDraw = False
227.5637 	EXP 	presentation_textBS: autoDraw = False
227.5637 	EXP 	recall_txtBS: autoDraw = True
227.5637 	EXP 	textboxBS: autoDraw = True
227.5637 	EXP 	cont_buttonBS: autoDraw = True
228.0353 	DATA 	Keypress: 6
228.1652 	DATA 	Keypress: 7
228.2484 	DATA 	Keypress: 8
228.2985 	DATA 	Keypress: 9
228.3651 	DATA 	Keypress: 0
228.7166 	DATA 	Mouse: Left button down, pos=(712,89)
228.7466 	EXP 	recall_txtBS: autoDraw = False
228.7466 	EXP 	textboxBS: autoDraw = False
228.7466 	EXP 	cont_buttonBS: autoDraw = False
228.7466 	EXP 	feedback_textBS: text = 'Incorrect'
228.7466 	EXP 	feedback_textBS: autoDraw = True
228.8314 	DATA 	Mouse:  Left button up, pos=(712,89)
229.7306 	EXP 	New trial (rep=0, index=3): {'trialNumber': 4}
229.7311 	EXP 	Created sequence: random, trialTypes=1, nReps=2, seed=None
229.7313 	EXP 	New trial (rep=0, index=0): None
229.7472 	EXP 	feedback_textBS: autoDraw = False
229.7472 	EXP 	feedback_textBS: autoDraw = False
229.7472 	EXP 	presentation_textBS: height = 0.1
229.7472 	EXP 	presentation_textBS: height = 0.1
229.7472 	EXP 	presentation_textBS: height = 0.1
229.7472 	EXP 	presentation_textBS: text = 8
229.7472 	EXP 	fixationBS: autoDraw = True
230.7301 	EXP 	presentation_textBS: autoDraw = True
230.7470 	EXP 	fixationBS: autoDraw = False
231.7143 	EXP 	New trial (rep=1, index=0): None
231.7304 	EXP 	presentation_textBS: autoDraw = False
231.7304 	EXP 	fixationBS: autoDraw = False
231.7304 	EXP 	presentation_textBS: autoDraw = False
231.7304 	EXP 	presentation_textBS: height = 0.1
231.7304 	EXP 	presentation_textBS: height = 0.1
231.7304 	EXP 	presentation_textBS: height = 0.1
231.7304 	EXP 	presentation_textBS: text = 3
231.7304 	EXP 	fixationBS: autoDraw = True
232.7303 	EXP 	fixationBS: autoDraw = False
232.7303 	EXP 	presentation_textBS: autoDraw = True
233.7300 	EXP 	presentation_textBS: autoDraw = False
233.7300 	EXP 	fixationBS: autoDraw = False
233.7300 	EXP 	presentation_textBS: autoDraw = False
233.7300 	EXP 	recall_txtBS: autoDraw = True
233.7300 	EXP 	textboxBS: autoDraw = True
233.7300 	EXP 	cont_buttonBS: autoDraw = True
234.4819 	DATA 	Keypress: 5
234.6505 	DATA 	Keypress: 6
234.7316 	DATA 	Keypress: 7
234.7816 	DATA 	Keypress: 8
234.8488 	DATA 	Keypress: 9
235.2829 	DATA 	Mouse: Left button down, pos=(712,89)
235.3139 	EXP 	recall_txtBS: autoDraw = False
235.3139 	EXP 	textboxBS: autoDraw = False
235.3139 	EXP 	cont_buttonBS: autoDraw = False
235.3139 	EXP 	feedback_textBS: text = 'Incorrect'
235.3139 	EXP 	feedback_textBS: autoDraw = True
235.3981 	DATA 	Mouse:  Left button up, pos=(712,89)
236.2980 	EXP 	New trial (rep=0, index=4): {'trialNumber': 5}
236.2985 	EXP 	Created sequence: random, trialTypes=1, nReps=2, seed=None
236.2986 	EXP 	New trial (rep=0, index=0): None
236.3148 	EXP 	feedback_textBS: autoDraw = False
236.3148 	EXP 	feedback_textBS: autoDraw = False
236.3148 	EXP 	presentation_textBS: height = 0.1
236.3148 	EXP 	presentation_textBS: height = 0.1
236.3148 	EXP 	presentation_textBS: height = 0.1
236.3148 	EXP 	presentation_textBS: text = 5
236.3148 	EXP 	fixationBS: autoDraw = True
237.3137 	EXP 	presentation_textBS: autoDraw = True
237.3304 	EXP 	fixationBS: autoDraw = False
238.2977 	EXP 	New trial (rep=1, index=0): None
238.3138 	EXP 	presentation_textBS: autoDraw = False
238.3138 	EXP 	fixationBS: autoDraw = False
238.3138 	EXP 	presentation_textBS: autoDraw = False
238.3138 	EXP 	presentation_textBS: height = 0.1
238.3138 	EXP 	presentation_textBS: height = 0.1
238.3138 	EXP 	presentation_textBS: height = 0.1
238.3138 	EXP 	presentation_textBS: text = 9
238.3138 	EXP 	fixationBS: autoDraw = True
239.3140 	EXP 	fixationBS: autoDraw = False
239.3140 	EXP 	presentation_textBS: autoDraw = True
240.3143 	EXP 	presentation_textBS: autoDraw = False
240.3143 	EXP 	fixationBS: autoDraw = False
240.3143 	EXP 	presentation_textBS: autoDraw = False
240.3143 	EXP 	recall_txtBS: autoDraw = True
240.3143 	EXP 	textboxBS: autoDraw = True
240.3143 	EXP 	cont_buttonBS: autoDraw = True
240.7827 	DATA 	Keypress: 5
240.9176 	DATA 	Keypress: 6
240.9820 	DATA 	Keypress: 7
241.0170 	DATA 	Keypress: 8
241.7002 	DATA 	Mouse: Left button down, pos=(714,87)
241.7306 	EXP 	recall_txtBS: autoDraw = False
241.7306 	EXP 	textboxBS: autoDraw = False
241.7306 	EXP 	cont_buttonBS: autoDraw = False
241.7306 	EXP 	feedback_textBS: text = 'Incorrect'
241.7306 	EXP 	feedback_textBS: autoDraw = True
241.8986 	DATA 	Mouse:  Left button up, pos=(715,87)
242.7146 	EXP 	New trial (rep=0, index=5): {'trialNumber': 6}
242.7153 	EXP 	Created sequence: random, trialTypes=1, nReps=2, seed=None
242.7155 	EXP 	New trial (rep=0, index=0): None
242.7306 	EXP 	feedback_textBS: autoDraw = False
242.7306 	EXP 	feedback_textBS: autoDraw = False
242.7306 	EXP 	presentation_textBS: height = 0.1
242.7306 	EXP 	presentation_textBS: height = 0.1
242.7306 	EXP 	presentation_textBS: height = 0.1
242.7306 	EXP 	presentation_textBS: text = 3
242.7306 	EXP 	fixationBS: autoDraw = True
243.7149 	EXP 	presentation_textBS: autoDraw = True
243.7314 	EXP 	fixationBS: autoDraw = False
244.6983 	EXP 	New trial (rep=1, index=0): None
244.7140 	EXP 	presentation_textBS: autoDraw = False
244.7140 	EXP 	fixationBS: autoDraw = False
244.7140 	EXP 	presentation_textBS: autoDraw = False
244.7140 	EXP 	presentation_textBS: height = 0.1
244.7140 	EXP 	presentation_textBS: height = 0.1
244.7140 	EXP 	presentation_textBS: height = 0.1
244.7140 	EXP 	presentation_textBS: text = 8
244.7140 	EXP 	fixationBS: autoDraw = True
245.7142 	EXP 	fixationBS: autoDraw = False
245.7142 	EXP 	presentation_textBS: autoDraw = True
246.7139 	EXP 	presentation_textBS: autoDraw = False
246.7139 	EXP 	fixationBS: autoDraw = False
246.7139 	EXP 	presentation_textBS: autoDraw = False
246.7139 	EXP 	recall_txtBS: autoDraw = True
246.7139 	EXP 	textboxBS: autoDraw = True
246.7139 	EXP 	cont_buttonBS: autoDraw = True
247.3358 	DATA 	Keypress: 5
247.4326 	DATA 	Keypress: 6
247.4828 	DATA 	Keypress: 7
247.5324 	DATA 	Keypress: 8
247.5853 	DATA 	Keypress: 9
248.0810 	DATA 	Mouse: Left button down, pos=(715,87)
248.0976 	EXP 	recall_txtBS: autoDraw = False
248.0976 	EXP 	textboxBS: autoDraw = False
248.0976 	EXP 	cont_buttonBS: autoDraw = False
248.0976 	EXP 	feedback_textBS: text = 'Incorrect'
248.0976 	EXP 	feedback_textBS: autoDraw = True
248.2154 	DATA 	Mouse:  Left button up, pos=(715,87)
249.0813 	EXP 	New trial (rep=0, index=6): {'trialNumber': 7}
249.0820 	EXP 	Created sequence: random, trialTypes=1, nReps=2, seed=None
249.0822 	EXP 	New trial (rep=0, index=0): None
249.0975 	EXP 	feedback_textBS: autoDraw = False
249.0975 	EXP 	feedback_textBS: autoDraw = False
249.0975 	EXP 	presentation_textBS: height = 0.1
249.0975 	EXP 	presentation_textBS: height = 0.1
249.0975 	EXP 	presentation_textBS: height = 0.1
249.0975 	EXP 	presentation_textBS: text = 7
249.0975 	EXP 	fixationBS: autoDraw = True
250.0975 	EXP 	fixationBS: autoDraw = False
250.0975 	EXP 	presentation_textBS: autoDraw = True
251.0818 	EXP 	New trial (rep=1, index=0): None
251.0977 	EXP 	presentation_textBS: autoDraw = False
251.0977 	EXP 	fixationBS: autoDraw = False
251.0977 	EXP 	presentation_textBS: autoDraw = False
251.0977 	EXP 	presentation_textBS: height = 0.1
251.0977 	EXP 	presentation_textBS: height = 0.1
251.0977 	EXP 	presentation_textBS: height = 0.1
251.0977 	EXP 	presentation_textBS: text = 6
251.0977 	EXP 	fixationBS: autoDraw = True
252.0819 	EXP 	presentation_textBS: autoDraw = True
252.0981 	EXP 	fixationBS: autoDraw = False
253.0816 	EXP 	presentation_textBS: autoDraw = False
253.0816 	EXP 	fixationBS: autoDraw = False
253.0816 	EXP 	presentation_textBS: autoDraw = False
253.0816 	EXP 	recall_txtBS: autoDraw = True
253.0816 	EXP 	textboxBS: autoDraw = True
253.0816 	EXP 	cont_buttonBS: autoDraw = True
253.8833 	DATA 	Keypress: 5
253.9498 	DATA 	Keypress: 6
253.9825 	DATA 	Keypress: 7
254.0160 	DATA 	Keypress: 8
254.0495 	DATA 	Keypress: 9
254.3815 	DATA 	Mouse: Left button down, pos=(715,87)
254.3985 	EXP 	recall_txtBS: autoDraw = False
254.3985 	EXP 	textboxBS: autoDraw = False
254.3985 	EXP 	cont_buttonBS: autoDraw = False
254.3985 	EXP 	feedback_textBS: text = 'Incorrect'
254.3985 	EXP 	feedback_textBS: autoDraw = True
254.4656 	DATA 	Mouse:  Left button up, pos=(715,87)
255.3818 	EXP 	New trial (rep=0, index=7): {'trialNumber': 8}
255.3825 	EXP 	Created sequence: random, trialTypes=1, nReps=2, seed=None
255.3827 	EXP 	New trial (rep=0, index=0): None
255.3978 	EXP 	feedback_textBS: autoDraw = False
255.3978 	EXP 	feedback_textBS: autoDraw = False
255.3978 	EXP 	presentation_textBS: height = 0.1
255.3978 	EXP 	presentation_textBS: height = 0.1
255.3978 	EXP 	presentation_textBS: height = 0.1
255.3978 	EXP 	presentation_textBS: text = 5
255.3978 	EXP 	fixationBS: autoDraw = True
256.3978 	EXP 	fixationBS: autoDraw = False
256.3978 	EXP 	presentation_textBS: autoDraw = True
257.3820 	EXP 	New trial (rep=1, index=0): None
257.3979 	EXP 	presentation_textBS: autoDraw = False
257.3979 	EXP 	fixationBS: autoDraw = False
257.3979 	EXP 	presentation_textBS: autoDraw = False
257.3979 	EXP 	presentation_textBS: height = 0.1
257.3979 	EXP 	presentation_textBS: height = 0.1
257.3979 	EXP 	presentation_textBS: height = 0.1
257.3979 	EXP 	presentation_textBS: text = 9
257.3979 	EXP 	fixationBS: autoDraw = True
258.3819 	EXP 	presentation_textBS: autoDraw = True
258.3986 	EXP 	fixationBS: autoDraw = False
259.3811 	EXP 	presentation_textBS: autoDraw = False
259.3811 	EXP 	fixationBS: autoDraw = False
259.3811 	EXP 	presentation_textBS: autoDraw = False
259.3811 	EXP 	recall_txtBS: autoDraw = True
259.3811 	EXP 	textboxBS: autoDraw = True
259.3811 	EXP 	cont_buttonBS: autoDraw = True
260.1499 	DATA 	Keypress: 5
260.1827 	DATA 	Keypress: 6
260.2352 	DATA 	Keypress: 7
260.2828 	DATA 	Keypress: 8
260.3352 	DATA 	Keypress: 9
260.7151 	DATA 	Mouse: Left button down, pos=(715,87)
260.7319 	EXP 	recall_txtBS: autoDraw = False
260.7319 	EXP 	textboxBS: autoDraw = False
260.7319 	EXP 	cont_buttonBS: autoDraw = False
260.7319 	EXP 	feedback_textBS: text = 'Incorrect'
260.7319 	EXP 	feedback_textBS: autoDraw = True
260.8167 	DATA 	Mouse:  Left button up, pos=(715,87)
261.7160 	EXP 	New trial (rep=0, index=8): {'trialNumber': 9}
261.7167 	EXP 	Created sequence: random, trialTypes=1, nReps=2, seed=None
261.7169 	EXP 	New trial (rep=0, index=0): None
261.7319 	EXP 	feedback_textBS: autoDraw = False
261.7319 	EXP 	feedback_textBS: autoDraw = False
261.7319 	EXP 	presentation_textBS: height = 0.1
261.7319 	EXP 	presentation_textBS: height = 0.1
261.7319 	EXP 	presentation_textBS: height = 0.1
261.7319 	EXP 	presentation_textBS: text = 5
261.7319 	EXP 	fixationBS: autoDraw = True
262.7150 	EXP 	presentation_textBS: autoDraw = True
262.7317 	EXP 	fixationBS: autoDraw = False
263.7001 	EXP 	New trial (rep=1, index=0): None
263.7155 	EXP 	presentation_textBS: autoDraw = False
263.7155 	EXP 	fixationBS: autoDraw = False
263.7155 	EXP 	presentation_textBS: autoDraw = False
263.7155 	EXP 	presentation_textBS: height = 0.1
263.7155 	EXP 	presentation_textBS: height = 0.1
263.7155 	EXP 	presentation_textBS: height = 0.1
263.7155 	EXP 	presentation_textBS: text = 6
263.7155 	EXP 	fixationBS: autoDraw = True
264.7157 	EXP 	fixationBS: autoDraw = False
264.7157 	EXP 	presentation_textBS: autoDraw = True
265.7148 	EXP 	presentation_textBS: autoDraw = False
265.7148 	EXP 	fixationBS: autoDraw = False
265.7148 	EXP 	presentation_textBS: autoDraw = False
265.7318 	EXP 	recall_txtBS: autoDraw = True
265.7318 	EXP 	textboxBS: autoDraw = True
265.7318 	EXP 	cont_buttonBS: autoDraw = True
266.7165 	DATA 	Keypress: 5
266.7830 	DATA 	Keypress: 6
266.8332 	DATA 	Keypress: 7
266.8662 	DATA 	Keypress: 8
267.3173 	DATA 	Mouse: Left button down, pos=(715,87)
267.3482 	EXP 	recall_txtBS: autoDraw = False
267.3482 	EXP 	textboxBS: autoDraw = False
267.3482 	EXP 	cont_buttonBS: autoDraw = False
267.3482 	EXP 	feedback_textBS: text = 'Incorrect'
267.3482 	EXP 	feedback_textBS: autoDraw = True
267.4493 	DATA 	Mouse:  Left button up, pos=(715,87)
268.3323 	EXP 	New trial (rep=0, index=9): {'trialNumber': 10}
268.3331 	EXP 	Created sequence: random, trialTypes=1, nReps=2, seed=None
268.3333 	EXP 	New trial (rep=0, index=0): None
268.3484 	EXP 	feedback_textBS: autoDraw = False
268.3484 	EXP 	feedback_textBS: autoDraw = False
268.3484 	EXP 	presentation_textBS: height = 0.1
268.3484 	EXP 	presentation_textBS: height = 0.1
268.3484 	EXP 	presentation_textBS: height = 0.1
268.3484 	EXP 	presentation_textBS: text = 2
268.3484 	EXP 	fixationBS: autoDraw = True
269.3484 	EXP 	fixationBS: autoDraw = False
269.3484 	EXP 	presentation_textBS: autoDraw = True
270.3326 	EXP 	New trial (rep=1, index=0): None
270.3483 	EXP 	presentation_textBS: autoDraw = False
270.3483 	EXP 	fixationBS: autoDraw = False
270.3483 	EXP 	presentation_textBS: autoDraw = False
270.3483 	EXP 	presentation_textBS: height = 0.1
270.3483 	EXP 	presentation_textBS: height = 0.1
270.3483 	EXP 	presentation_textBS: height = 0.1
270.3483 	EXP 	presentation_textBS: text = 1
270.3483 	EXP 	fixationBS: autoDraw = True
271.3319 	EXP 	presentation_textBS: autoDraw = True
271.3485 	EXP 	fixationBS: autoDraw = False
272.3319 	EXP 	presentation_textBS: autoDraw = False
272.3319 	EXP 	fixationBS: autoDraw = False
272.3319 	EXP 	presentation_textBS: autoDraw = False
272.3486 	EXP 	recall_txtBS: autoDraw = True
272.3486 	EXP 	textboxBS: autoDraw = True
272.3486 	EXP 	cont_buttonBS: autoDraw = True
272.9003 	DATA 	Keypress: 5
273.0497 	DATA 	Keypress: 6
273.0999 	DATA 	Keypress: 7
273.1501 	DATA 	Keypress: 8
273.2356 	DATA 	Keypress: 9
273.6488 	DATA 	Mouse: Left button down, pos=(715,87)
273.6658 	EXP 	recall_txtBS: autoDraw = False
273.6658 	EXP 	textboxBS: autoDraw = False
273.6658 	EXP 	cont_buttonBS: autoDraw = False
273.6658 	EXP 	feedback_textBS: text = 'Incorrect'
273.6658 	EXP 	feedback_textBS: autoDraw = True
273.8168 	DATA 	Mouse:  Left button up, pos=(715,87)
274.6492 	EXP 	New trial (rep=0, index=10): {'trialNumber': 11}
274.6500 	EXP 	Created sequence: random, trialTypes=1, nReps=2, seed=None
274.6502 	EXP 	New trial (rep=0, index=0): None
274.6652 	EXP 	feedback_textBS: autoDraw = False
274.6652 	EXP 	feedback_textBS: autoDraw = False
274.6652 	EXP 	presentation_textBS: height = 0.1
274.6652 	EXP 	presentation_textBS: height = 0.1
274.6652 	EXP 	presentation_textBS: height = 0.1
274.6652 	EXP 	presentation_textBS: text = 8
274.6652 	EXP 	fixationBS: autoDraw = True
275.6489 	EXP 	presentation_textBS: autoDraw = True
275.6652 	EXP 	fixationBS: autoDraw = False
276.6333 	EXP 	New trial (rep=1, index=0): None
276.6495 	EXP 	presentation_textBS: autoDraw = False
276.6495 	EXP 	fixationBS: autoDraw = False
276.6495 	EXP 	presentation_textBS: autoDraw = False
276.6495 	EXP 	presentation_textBS: height = 0.1
276.6495 	EXP 	presentation_textBS: height = 0.1
276.6495 	EXP 	presentation_textBS: height = 0.1
276.6495 	EXP 	presentation_textBS: text = 3
276.6495 	EXP 	fixationBS: autoDraw = True
277.6487 	EXP 	fixationBS: autoDraw = False
277.6487 	EXP 	presentation_textBS: autoDraw = True
278.6488 	EXP 	presentation_textBS: autoDraw = False
278.6488 	EXP 	fixationBS: autoDraw = False
278.6488 	EXP 	presentation_textBS: autoDraw = False
278.6488 	EXP 	recall_txtBS: autoDraw = True
278.6488 	EXP 	textboxBS: autoDraw = True
278.6488 	EXP 	cont_buttonBS: autoDraw = True
279.7338 	DATA 	Keypress: 5
279.8339 	DATA 	Keypress: 6
279.8839 	DATA 	Keypress: 7
279.9187 	DATA 	Keypress: 8
280.0340 	DATA 	Keypress: 9
280.3993 	DATA 	Mouse: Left button down, pos=(715,87)
280.4158 	EXP 	recall_txtBS: autoDraw = False
280.4158 	EXP 	textboxBS: autoDraw = False
280.4158 	EXP 	cont_buttonBS: autoDraw = False
280.4158 	EXP 	feedback_textBS: text = 'Incorrect'
280.4158 	EXP 	feedback_textBS: autoDraw = True
280.5334 	DATA 	Mouse:  Left button up, pos=(715,87)
281.3998 	EXP 	New trial (rep=0, index=11): {'trialNumber': 12}
281.4004 	EXP 	Created sequence: random, trialTypes=1, nReps=2, seed=None
281.4005 	EXP 	New trial (rep=0, index=0): None
281.4159 	EXP 	feedback_textBS: autoDraw = False
281.4159 	EXP 	feedback_textBS: autoDraw = False
281.4159 	EXP 	presentation_textBS: height = 0.1
281.4159 	EXP 	presentation_textBS: height = 0.1
281.4159 	EXP 	presentation_textBS: height = 0.1
281.4159 	EXP 	presentation_textBS: text = 5
281.4159 	EXP 	fixationBS: autoDraw = True
282.3996 	EXP 	presentation_textBS: autoDraw = True
282.4160 	EXP 	fixationBS: autoDraw = False
283.3828 	EXP 	New trial (rep=1, index=0): None
283.3989 	EXP 	presentation_textBS: autoDraw = False
283.3989 	EXP 	fixationBS: autoDraw = False
283.3989 	EXP 	presentation_textBS: autoDraw = False
283.3989 	EXP 	presentation_textBS: height = 0.1
283.3989 	EXP 	presentation_textBS: height = 0.1
283.3989 	EXP 	presentation_textBS: height = 0.1
283.3989 	EXP 	presentation_textBS: text = 6
283.4155 	EXP 	fixationBS: autoDraw = True
284.3987 	EXP 	presentation_textBS: autoDraw = True
284.4165 	EXP 	fixationBS: autoDraw = False
285.3990 	EXP 	presentation_textBS: autoDraw = False
285.3990 	EXP 	fixationBS: autoDraw = False
285.3990 	EXP 	presentation_textBS: autoDraw = False
285.4158 	EXP 	recall_txtBS: autoDraw = True
285.4158 	EXP 	textboxBS: autoDraw = True
285.4158 	EXP 	cont_buttonBS: autoDraw = True
285.8338 	DATA 	Keypress: 5
285.9675 	DATA 	Keypress: 6
286.0336 	DATA 	Keypress: 7
286.0841 	DATA 	Keypress: 8
286.1838 	DATA 	Keypress: 9
286.5666 	DATA 	Mouse: Left button down, pos=(715,87)
286.5824 	EXP 	recall_txtBS: autoDraw = False
286.5824 	EXP 	textboxBS: autoDraw = False
286.5824 	EXP 	cont_buttonBS: autoDraw = False
286.5824 	EXP 	feedback_textBS: text = 'Incorrect'
286.5824 	EXP 	feedback_textBS: autoDraw = True
286.6843 	DATA 	Mouse:  Left button up, pos=(715,87)
287.5664 	EXP 	New trial (rep=0, index=12): {'trialNumber': 13}
287.5672 	EXP 	Created sequence: random, trialTypes=1, nReps=2, seed=None
287.5674 	EXP 	New trial (rep=0, index=0): None
287.5826 	EXP 	feedback_textBS: autoDraw = False
287.5826 	EXP 	feedback_textBS: autoDraw = False
287.5826 	EXP 	presentation_textBS: height = 0.1
287.5826 	EXP 	presentation_textBS: height = 0.1
287.5826 	EXP 	presentation_textBS: height = 0.1
287.5826 	EXP 	presentation_textBS: text = 6
287.5826 	EXP 	fixationBS: autoDraw = True
288.5825 	EXP 	fixationBS: autoDraw = False
288.5825 	EXP 	presentation_textBS: autoDraw = True
289.5667 	EXP 	New trial (rep=1, index=0): None
289.5826 	EXP 	presentation_textBS: autoDraw = False
289.5826 	EXP 	fixationBS: autoDraw = False
289.5826 	EXP 	presentation_textBS: autoDraw = False
289.5826 	EXP 	presentation_textBS: height = 0.1
289.5826 	EXP 	presentation_textBS: height = 0.1
289.5826 	EXP 	presentation_textBS: height = 0.1
289.5826 	EXP 	presentation_textBS: text = 7
289.5826 	EXP 	fixationBS: autoDraw = True
290.5670 	EXP 	presentation_textBS: autoDraw = True
290.5839 	EXP 	fixationBS: autoDraw = False
291.5662 	EXP 	presentation_textBS: autoDraw = False
291.5662 	EXP 	fixationBS: autoDraw = False
291.5662 	EXP 	presentation_textBS: autoDraw = False
291.5662 	EXP 	recall_txtBS: autoDraw = True
291.5662 	EXP 	textboxBS: autoDraw = True
291.5662 	EXP 	cont_buttonBS: autoDraw = True
292.1843 	DATA 	Keypress: 5
292.2675 	DATA 	Keypress: 6
292.3175 	DATA 	Keypress: 7
292.3508 	DATA 	Keypress: 8
292.4034 	DATA 	Keypress: 9
292.7516 	DATA 	Mouse: Left button down, pos=(715,87)
292.7824 	EXP 	recall_txtBS: autoDraw = False
292.7824 	EXP 	textboxBS: autoDraw = False
292.7824 	EXP 	cont_buttonBS: autoDraw = False
292.7824 	EXP 	feedback_textBS: text = 'Incorrect'
292.7824 	EXP 	feedback_textBS: autoDraw = True
292.8674 	DATA 	Mouse:  Left button up, pos=(715,87)
293.7666 	EXP 	New trial (rep=0, index=13): {'trialNumber': 14}
293.7674 	EXP 	Created sequence: random, trialTypes=1, nReps=2, seed=None
293.7676 	EXP 	New trial (rep=0, index=0): None
293.7831 	EXP 	feedback_textBS: autoDraw = False
293.7831 	EXP 	feedback_textBS: autoDraw = False
293.7831 	EXP 	presentation_textBS: height = 0.1
293.7831 	EXP 	presentation_textBS: height = 0.1
293.7831 	EXP 	presentation_textBS: height = 0.1
293.7831 	EXP 	presentation_textBS: text = 1
293.7831 	EXP 	fixationBS: autoDraw = True
294.7661 	EXP 	presentation_textBS: autoDraw = True
294.7829 	EXP 	fixationBS: autoDraw = False
295.7503 	EXP 	New trial (rep=1, index=0): None
295.7661 	EXP 	presentation_textBS: autoDraw = False
295.7661 	EXP 	fixationBS: autoDraw = False
295.7661 	EXP 	presentation_textBS: autoDraw = False
295.7661 	EXP 	presentation_textBS: height = 0.1
295.7661 	EXP 	presentation_textBS: height = 0.1
295.7661 	EXP 	presentation_textBS: height = 0.1
295.7661 	EXP 	presentation_textBS: text = 8
295.7661 	EXP 	fixationBS: autoDraw = True
296.7659 	EXP 	fixationBS: autoDraw = False
296.7834 	EXP 	presentation_textBS: autoDraw = True
297.7829 	EXP 	presentation_textBS: autoDraw = False
297.7829 	EXP 	fixationBS: autoDraw = False
297.7829 	EXP 	presentation_textBS: autoDraw = False
297.7829 	EXP 	recall_txtBS: autoDraw = True
297.7829 	EXP 	textboxBS: autoDraw = True
297.7829 	EXP 	cont_buttonBS: autoDraw = True
299.4343 	DATA 	Keypress: 5
299.4511 	DATA 	Keypress: 6
299.5012 	DATA 	Keypress: 7
299.5350 	DATA 	Keypress: 8
299.6011 	DATA 	Keypress: 9
299.9168 	DATA 	Mouse: Left button down, pos=(715,87)
299.9329 	EXP 	recall_txtBS: autoDraw = False
299.9329 	EXP 	textboxBS: autoDraw = False
299.9329 	EXP 	cont_buttonBS: autoDraw = False
299.9329 	EXP 	feedback_textBS: text = 'Incorrect'
299.9329 	EXP 	feedback_textBS: autoDraw = True
299.9842 	DATA 	Mouse:  Left button up, pos=(715,87)
300.9330 	EXP 	feedback_textBS: autoDraw = False
300.9330 	EXP 	feedback_textBS: autoDraw = False
300.9330 	EXP 	ThankYou: autoDraw = True
302.9330 	EXP 	ThankYou: autoDraw = False
302.9330 	EXP 	ThankYou: autoDraw = False
302.9885 	EXP 	window1: mouseVisible = True
