6.3810 	WARNING 	We strongly recommend you activate the PTB sound engine in PsychoPy prefs as the preferred audio engine. Its timing is vastly superior. Your prefs are currently set to use ['sounddevice', 'PTB', 'pyo', 'pygame'] (in that order).
13.6665 	WARNING 	User requested fullscreen with size [2560 1440], but screen is actually [1920, 1080]. Using actual size
16.8550 	EXP 	Created window1 = Window(allowGUI=True, allowStencil=False, autoLog=True, backendConf=UNKNOWN, bitsMode=UNKNOWN, blendMode='avg', bpc=(8, 8, 8), color=array([-1, -1, -1]), colorSpace='rgb', depthBits=8, fullscr=<method-wrapper '__getattribute__' of attributeSetter object at 0x000001A3C42CA6A0>, gamma=None, gammaErrorPolicy='raise', lms=UNKNOWN, monitor=<psychopy.monitors.calibTools.Monitor object at 0x000001A3C94523D0>, multiSample=False, name='window1', numSamples=2, pos=(0, 0), screen=0, size=array([1920, 1080]), stencilBits=0, stereo=False, units='height', useFBO=True, useRetina=False, viewOri=0.0, viewPos=None, viewScale=None, waitBlanking=True, winType='pyglet')
16.8559 	EXP 	window1: mouseVisible = True
16.8562 	EXP 	window1: mouseVisible = False
16.8563 	EXP 	window1: Attempting to measure frame rate of screen (0) ...
16.8563 	EXP 	window1: recordFrameIntervals = False
17.0203 	EXP 	window1: recordFrameIntervals = True
17.2039 	EXP 	Screen (0) actual frame rate measured at 60.10Hz
17.2040 	EXP 	window1: recordFrameIntervals = False
19.5028 	EXP 	Created GenInsText = TextStim(__class__=<class 'psychopy.visual.text.TextStim'>, alignHoriz=method-wrapper(...), alignText='center', alignVert=method-wrapper(...), anchorHoriz='center', anchorVert='center', antialias=True, autoDraw=False, autoLog=True, bold=False, color=array([1., 1., 1.]), colorSpace='rgb', contrast=1.0, depth=-1.0, flipHoriz=False, flipVert=False, font='Arial', fontFiles=[], height=0.04, italic=False, languageStyle='LTR', name='GenInsText', opacity=1.0, ori=0.0, pos=array([0., 0.]), rgb=UNKNOWN, text=str(...), units='height', win=Window(...), wrapWidth=1.6)
19.5129 	EXP 	Created Reminder1 = TextStim(__class__=<class 'psychopy.visual.text.TextStim'>, alignHoriz=method-wrapper(...), alignText='center', alignVert=method-wrapper(...), anchorHoriz='center', anchorVert='center', antialias=True, autoDraw=False, autoLog=True, bold=False, color=array([1., 1., 1.]), colorSpace='rgb', contrast=1.0, depth=0.0, flipHoriz=False, flipVert=False, font='Arial', fontFiles=[], height=0.04, italic=False, languageStyle='LTR', name='Reminder1', opacity=1.0, ori=0.0, pos=array([0., 0.]), rgb=UNKNOWN, text=str(...), units='height', win=Window(...), wrapWidth=1.6)
19.5235 	EXP 	Created Reminder2 = TextStim(__class__=<class 'psychopy.visual.text.TextStim'>, alignHoriz=method-wrapper(...), alignText='center', alignVert=method-wrapper(...), anchorHoriz='center', anchorVert='center', antialias=True, autoDraw=False, autoLog=True, bold=False, color=array([1., 1., 1.]), colorSpace='rgb', contrast=1.0, depth=0.0, flipHoriz=False, flipVert=False, font='Arial', fontFiles=[], height=0.04, italic=False, languageStyle='LTR', name='Reminder2', opacity=1.0, ori=0.0, pos=array([0., 0.]), rgb=UNKNOWN, text=str(...), units='height', win=Window(...), wrapWidth=1.6)
19.5501 	EXP 	Created FSGenInsText = TextStim(__class__=<class 'psychopy.visual.text.TextStim'>, alignHoriz=method-wrapper(...), alignText='center', alignVert=method-wrapper(...), anchorHoriz='center', anchorVert='center', antialias=True, autoDraw=False, autoLog=True, bold=False, color=array([1., 1., 1.]), colorSpace='rgb', contrast=1.0, depth=0.0, flipHoriz=False, flipVert=False, font='Arial', fontFiles=[], height=0.04, italic=False, languageStyle='LTR', name='FSGenInsText', opacity=1.0, ori=0.0, pos=array([0., 0.]), rgb=UNKNOWN, text=str(...), units='height', win=Window(...), wrapWidth=1.6)
19.5536 	EXP 	Created fixation_2 = TextStim(__class__=<class 'psychopy.visual.text.TextStim'>, alignHoriz=method-wrapper(...), alignText='center', alignVert=method-wrapper(...), anchorHoriz='center', anchorVert='center', antialias=True, autoDraw=False, autoLog=True, bold=False, color=array([1., 1., 1.]), colorSpace='rgb', contrast=1.0, depth=-1.0, flipHoriz=False, flipVert=False, font='Arial', fontFiles=[], height=0.04, italic=False, languageStyle='LTR', name='fixation_2', opacity=1.0, ori=0, pos=array([0., 0.]), rgb=UNKNOWN, text='+', units='height', win=Window(...), wrapWidth=1)
19.5551 	EXP 	Created pres_text_practice = TextStim(__class__=<class 'psychopy.visual.text.TextStim'>, alignHoriz=method-wrapper(...), alignText='center', alignVert=method-wrapper(...), anchorHoriz='center', anchorVert='center', antialias=True, autoDraw=False, autoLog=True, bold=False, color=array([1., 1., 1.]), colorSpace='rgb', contrast=1.0, depth=-2.0, flipHoriz=False, flipVert=False, font='Arial', fontFiles=[], height=0.1, italic=False, languageStyle='LTR', name='pres_text_practice', opacity=1.0, ori=0, pos=array([0., 0.]), rgb=UNKNOWN, text='', units='height', win=Window(...), wrapWidth=1)
19.5581 	EXP 	Created recall_txtPractice = TextStim(__class__=<class 'psychopy.visual.text.TextStim'>, alignHoriz=method-wrapper(...), alignText='center', alignVert=method-wrapper(...), anchorHoriz='center', anchorVert='center', antialias=True, autoDraw=False, autoLog=True, bold=False, color=array([1., 1., 1.]), colorSpace='rgb', contrast=1.0, depth=0.0, flipHoriz=False, flipVert=False, font='Arial', fontFiles=[], height=0.04, italic=False, languageStyle='LTR', name='recall_txtPractice', opacity=1.0, ori=0, pos=array([0.  , 0.25]), rgb=UNKNOWN, text='Recall', units='height', win=Window(...), wrapWidth=1)
19.5829 	EXP 	Created cont_buttonPractice = ImageStim(__class__=<class 'psychopy.visual.image.ImageStim'>, anchor=('center', 'center'), autoLog=True, color=array([1., 1., 1.]), colorSpace='rgb', contrast=1.0, depth=-2.0, flipHoriz=False, flipVert=False, image='continue.png', interpolate=True, mask=None, maskParams=None, name='cont_buttonPractice', opacity=1.0, ori=0.0, pos=array([ 0. , -0.4]), size=array([0.3 , 0.07]), texRes=128.0, units='height', win=Window(...))
19.5833 	EXP 	window1: mouseVisible = True
19.5845 	EXP 	Created feedbac_textPractice = TextStim(__class__=<class 'psychopy.visual.text.TextStim'>, alignHoriz=method-wrapper(...), alignText='center', alignVert=method-wrapper(...), anchorHoriz='center', anchorVert='center', antialias=True, autoDraw=False, autoLog=True, bold=False, color=array([1., 1., 1.]), colorSpace='rgb', contrast=1.0, depth=0.0, flipHoriz=False, flipVert=False, font='Arial', fontFiles=[], height=0.04, italic=False, languageStyle='LTR', name='feedbac_textPractice', opacity=1.0, ori=0, pos=array([0., 0.]), rgb=UNKNOWN, text='', units='height', win=Window(...), wrapWidth=1)
19.5980 	EXP 	Created praccomplete = TextStim(__class__=<class 'psychopy.visual.text.TextStim'>, alignHoriz=method-wrapper(...), alignText='center', alignVert=method-wrapper(...), anchorHoriz='center', anchorVert='center', antialias=True, autoDraw=False, autoLog=True, bold=False, color=array([1., 1., 1.]), colorSpace='rgb', contrast=1.0, depth=0.0, flipHoriz=False, flipVert=False, font='Arial', fontFiles=[], height=0.04, italic=False, languageStyle='LTR', name='praccomplete', opacity=1.0, ori=0.0, pos=array([0., 0.]), rgb=UNKNOWN, text=str(...), units='height', win=Window(...), wrapWidth=1.6)
19.6005 	EXP 	Created fixation = TextStim(__class__=<class 'psychopy.visual.text.TextStim'>, alignHoriz=method-wrapper(...), alignText='center', alignVert=method-wrapper(...), anchorHoriz='center', anchorVert='center', antialias=True, autoDraw=False, autoLog=True, bold=False, color=array([1., 1., 1.]), colorSpace='rgb', contrast=1.0, depth=-1.0, flipHoriz=False, flipVert=False, font='Arial', fontFiles=[], height=0.04, italic=False, languageStyle='LTR', name='fixation', opacity=1.0, ori=0, pos=array([0., 0.]), rgb=UNKNOWN, text='+', units='height', win=Window(...), wrapWidth=1)
19.6016 	EXP 	Created presentation_text = TextStim(__class__=<class 'psychopy.visual.text.TextStim'>, alignHoriz=method-wrapper(...), alignText='center', alignVert=method-wrapper(...), anchorHoriz='center', anchorVert='center', antialias=True, autoDraw=False, autoLog=True, bold=False, color=array([1., 1., 1.]), colorSpace='rgb', contrast=1.0, depth=-2.0, flipHoriz=False, flipVert=False, font='Arial', fontFiles=[], height=0.1, italic=False, languageStyle='LTR', name='presentation_text', opacity=1.0, ori=0, pos=array([0., 0.]), rgb=UNKNOWN, text='', units='height', win=Window(...), wrapWidth=1)
19.6045 	EXP 	Created recall_txt = TextStim(__class__=<class 'psychopy.visual.text.TextStim'>, alignHoriz=method-wrapper(...), alignText='center', alignVert=method-wrapper(...), anchorHoriz='center', anchorVert='center', antialias=True, autoDraw=False, autoLog=True, bold=False, color=array([1., 1., 1.]), colorSpace='rgb', contrast=1.0, depth=0.0, flipHoriz=False, flipVert=False, font='Arial', fontFiles=[], height=0.04, italic=False, languageStyle='LTR', name='recall_txt', opacity=1.0, ori=0, pos=array([0.  , 0.25]), rgb=UNKNOWN, text='Recall', units='height', win=Window(...), wrapWidth=1)
19.6370 	EXP 	Created cont_button = ImageStim(__class__=<class 'psychopy.visual.image.ImageStim'>, anchor=('center', 'center'), autoLog=True, color=array([1., 1., 1.]), colorSpace='rgb', contrast=1.0, depth=-2.0, flipHoriz=False, flipVert=False, image='continue.png', interpolate=True, mask=None, maskParams=None, name='cont_button', opacity=1.0, ori=0.0, pos=array([ 0. , -0.4]), size=array([0.3 , 0.07]), texRes=128.0, units='height', win=Window(...))
19.6371 	EXP 	window1: mouseVisible = True
19.6383 	EXP 	Created feedback_text = TextStim(__class__=<class 'psychopy.visual.text.TextStim'>, alignHoriz=method-wrapper(...), alignText='center', alignVert=method-wrapper(...), anchorHoriz='center', anchorVert='center', antialias=True, autoDraw=False, autoLog=True, bold=False, color=array([1., 1., 1.]), colorSpace='rgb', contrast=1.0, depth=0.0, flipHoriz=False, flipVert=False, font='Arial', fontFiles=[], height=0.04, italic=False, languageStyle='LTR', name='feedback_text', opacity=1.0, ori=0, pos=array([0., 0.]), rgb=UNKNOWN, text='', units='height', win=Window(...), wrapWidth=1)
19.6514 	EXP 	Created roundTransition = TextStim(__class__=<class 'psychopy.visual.text.TextStim'>, alignHoriz=method-wrapper(...), alignText='center', alignVert=method-wrapper(...), anchorHoriz='center', anchorVert='center', antialias=True, autoDraw=False, autoLog=True, bold=False, color=array([1., 1., 1.]), colorSpace='rgb', contrast=1.0, depth=0.0, flipHoriz=False, flipVert=False, font='Arial', fontFiles=[], height=0.05, italic=False, languageStyle='LTR', name='roundTransition', opacity=1.0, ori=0.0, pos=array([0., 0.]), rgb=UNKNOWN, text=str(...), units='height', win=Window(...), wrapWidth=1)
19.6900 	EXP 	Created BSGenInsText = TextStim(__class__=<class 'psychopy.visual.text.TextStim'>, alignHoriz=method-wrapper(...), alignText='center', alignVert=method-wrapper(...), anchorHoriz='center', anchorVert='center', antialias=True, autoDraw=False, autoLog=True, bold=False, color=array([1., 1., 1.]), colorSpace='rgb', contrast=1.0, depth=0.0, flipHoriz=False, flipVert=False, font='Arial', fontFiles=[], height=0.04, italic=False, languageStyle='LTR', name='BSGenInsText', opacity=1.0, ori=0.0, pos=array([0., 0.]), rgb=UNKNOWN, text=str(...), units='height', win=Window(...), wrapWidth=1.6)
19.6931 	EXP 	Created fixation_3 = TextStim(__class__=<class 'psychopy.visual.text.TextStim'>, alignHoriz=method-wrapper(...), alignText='center', alignVert=method-wrapper(...), anchorHoriz='center', anchorVert='center', antialias=True, autoDraw=False, autoLog=True, bold=False, color=array([1., 1., 1.]), colorSpace='rgb', contrast=1.0, depth=0.0, flipHoriz=False, flipVert=False, font='Arial', fontFiles=[], height=0.04, italic=False, languageStyle='LTR', name='fixation_3', opacity=1.0, ori=0, pos=array([0., 0.]), rgb=UNKNOWN, text='+', units='height', win=Window(...), wrapWidth=1)
19.6944 	EXP 	Created pres_text_practice_2 = TextStim(__class__=<class 'psychopy.visual.text.TextStim'>, alignHoriz=method-wrapper(...), alignText='center', alignVert=method-wrapper(...), anchorHoriz='center', anchorVert='center', antialias=True, autoDraw=False, autoLog=True, bold=False, color=array([1., 1., 1.]), colorSpace='rgb', contrast=1.0, depth=-1.0, flipHoriz=False, flipVert=False, font='Arial', fontFiles=[], height=0.1, italic=False, languageStyle='LTR', name='pres_text_practice_2', opacity=1.0, ori=0, pos=array([0., 0.]), rgb=UNKNOWN, text='', units='height', win=Window(...), wrapWidth=1)
19.6972 	EXP 	Created recall_txtPractice_2 = TextStim(__class__=<class 'psychopy.visual.text.TextStim'>, alignHoriz=method-wrapper(...), alignText='center', alignVert=method-wrapper(...), anchorHoriz='center', anchorVert='center', antialias=True, autoDraw=False, autoLog=True, bold=False, color=array([1., 1., 1.]), colorSpace='rgb', contrast=1.0, depth=0.0, flipHoriz=False, flipVert=False, font='Arial', fontFiles=[], height=0.04, italic=False, languageStyle='LTR', name='recall_txtPractice_2', opacity=1.0, ori=0, pos=array([0.  , 0.25]), rgb=UNKNOWN, text='Recall', units='height', win=Window(...), wrapWidth=1)
19.7193 	EXP 	Created cont_buttonPractice_2 = ImageStim(__class__=<class 'psychopy.visual.image.ImageStim'>, anchor=('center', 'center'), autoLog=True, color=array([1., 1., 1.]), colorSpace='rgb', contrast=1.0, depth=-2.0, flipHoriz=False, flipVert=False, image='continue.png', interpolate=True, mask=None, maskParams=None, name='cont_buttonPractice_2', opacity=1.0, ori=0.0, pos=array([ 0. , -0.4]), size=array([0.3 , 0.07]), texRes=128.0, units='height', win=Window(...))
19.7194 	EXP 	window1: mouseVisible = True
19.7206 	EXP 	Created feedbac_textPractice_2 = TextStim(__class__=<class 'psychopy.visual.text.TextStim'>, alignHoriz=method-wrapper(...), alignText='center', alignVert=method-wrapper(...), anchorHoriz='center', anchorVert='center', antialias=True, autoDraw=False, autoLog=True, bold=False, color=array([1., 1., 1.]), colorSpace='rgb', contrast=1.0, depth=0.0, flipHoriz=False, flipVert=False, font='Arial', fontFiles=[], height=0.04, italic=False, languageStyle='LTR', name='feedbac_textPractice_2', opacity=1.0, ori=0, pos=array([0., 0.]), rgb=UNKNOWN, text='', units='height', win=Window(...), wrapWidth=1)
19.7361 	EXP 	Created praccompleteBS = TextStim(__class__=<class 'psychopy.visual.text.TextStim'>, alignHoriz=method-wrapper(...), alignText='center', alignVert=method-wrapper(...), anchorHoriz='center', anchorVert='center', antialias=True, autoDraw=False, autoLog=True, bold=False, color=array([1., 1., 1.]), colorSpace='rgb', contrast=1.0, depth=0.0, flipHoriz=False, flipVert=False, font='Arial', fontFiles=[], height=0.04, italic=False, languageStyle='LTR', name='praccompleteBS', opacity=1.0, ori=0.0, pos=array([0., 0.]), rgb=UNKNOWN, text=str(...), units='height', win=Window(...), wrapWidth=1.6)
19.7385 	EXP 	Created fixationBS = TextStim(__class__=<class 'psychopy.visual.text.TextStim'>, alignHoriz=method-wrapper(...), alignText='center', alignVert=method-wrapper(...), anchorHoriz='center', anchorVert='center', antialias=True, autoDraw=False, autoLog=True, bold=False, color=array([1., 1., 1.]), colorSpace='rgb', contrast=1.0, depth=-1.0, flipHoriz=False, flipVert=False, font='Arial', fontFiles=[], height=0.04, italic=False, languageStyle='LTR', name='fixationBS', opacity=1.0, ori=0, pos=array([0., 0.]), rgb=UNKNOWN, text='+', units='height', win=Window(...), wrapWidth=1)
19.7397 	EXP 	Created presentation_textBS = TextStim(__class__=<class 'psychopy.visual.text.TextStim'>, alignHoriz=method-wrapper(...), alignText='center', alignVert=method-wrapper(...), anchorHoriz='center', anchorVert='center', antialias=True, autoDraw=False, autoLog=True, bold=False, color=array([1., 1., 1.]), colorSpace='rgb', contrast=1.0, depth=-2.0, flipHoriz=False, flipVert=False, font='Arial', fontFiles=[], height=0.1, italic=False, languageStyle='LTR', name='presentation_textBS', opacity=1.0, ori=0, pos=array([0., 0.]), rgb=UNKNOWN, text='', units='height', win=Window(...), wrapWidth=1)
19.7426 	EXP 	Created recall_txtBS = TextStim(__class__=<class 'psychopy.visual.text.TextStim'>, alignHoriz=method-wrapper(...), alignText='center', alignVert=method-wrapper(...), anchorHoriz='center', anchorVert='center', antialias=True, autoDraw=False, autoLog=True, bold=False, color=array([1., 1., 1.]), colorSpace='rgb', contrast=1.0, depth=0.0, flipHoriz=False, flipVert=False, font='Arial', fontFiles=[], height=0.04, italic=False, languageStyle='LTR', name='recall_txtBS', opacity=1.0, ori=0, pos=array([0.  , 0.25]), rgb=UNKNOWN, text='Recall', units='height', win=Window(...), wrapWidth=1)
19.7656 	EXP 	Created cont_buttonBS = ImageStim(__class__=<class 'psychopy.visual.image.ImageStim'>, anchor=('center', 'center'), autoLog=True, color=array([1., 1., 1.]), colorSpace='rgb', contrast=1.0, depth=-2.0, flipHoriz=False, flipVert=False, image='continue.png', interpolate=True, mask=None, maskParams=None, name='cont_buttonBS', opacity=1.0, ori=0.0, pos=array([ 0. , -0.4]), size=array([0.3 , 0.07]), texRes=128.0, units='height', win=Window(...))
19.7657 	EXP 	window1: mouseVisible = True
19.7669 	EXP 	Created feedback_textBS = TextStim(__class__=<class 'psychopy.visual.text.TextStim'>, alignHoriz=method-wrapper(...), alignText='center', alignVert=method-wrapper(...), anchorHoriz='center', anchorVert='center', antialias=True, autoDraw=False, autoLog=True, bold=False, color=array([1., 1., 1.]), colorSpace='rgb', contrast=1.0, depth=0.0, flipHoriz=False, flipVert=False, font='Arial', fontFiles=[], height=0.04, italic=False, languageStyle='LTR', name='feedback_textBS', opacity=1.0, ori=0, pos=array([0., 0.]), rgb=UNKNOWN, text='', units='height', win=Window(...), wrapWidth=1)
19.7755 	EXP 	Created ThankYou = TextStim(__class__=<class 'psychopy.visual.text.TextStim'>, alignHoriz=method-wrapper(...), alignText='center', alignVert=method-wrapper(...), anchorHoriz='center', anchorVert='center', antialias=True, autoDraw=False, autoLog=True, bold=False, color=array([1., 1., 1.]), colorSpace='rgb', contrast=1.0, depth=0.0, flipHoriz=False, flipVert=False, font='Arial', fontFiles=[], height=0.04, italic=False, languageStyle='LTR', name='ThankYou', opacity=1.0, ori=0.0, pos=array([0., 0.]), rgb=UNKNOWN, text=str(...), units='height', win=Window(...), wrapWidth=1.6)
19.7871 	EXP 	textboxPractice: autoLog = True
19.7871 	EXP 	textbox: autoLog = True
19.7871 	EXP 	textboxPractice_2: autoLog = True
19.7871 	EXP 	textboxBS: autoLog = True
19.7871 	EXP 	GenInsText: autoDraw = True
21.1347 	DATA 	Keypress: return
21.1477 	EXP 	GenInsText: autoDraw = False
21.1477 	EXP 	Reminder1: autoDraw = True
22.5983 	DATA 	Keypress: return
22.6118 	EXP 	Reminder1: autoDraw = False
22.6118 	EXP 	Reminder2: autoDraw = True
23.8465 	DATA 	Keypress: return
23.8601 	EXP 	Reminder2: autoDraw = False
23.8601 	EXP 	FSGenInsText: autoDraw = True
28.4630 	EXP 	Imported digitSpanPractice.xlsx as conditions, 2 conditions, 3 params
28.4635 	EXP 	Created sequence: sequential, trialTypes=2, nReps=1, seed=None
28.4638 	EXP 	New trial (rep=0, index=0): {'digitSpan': 3, 'digits': 342, 'digitsReverse': 243}
28.4641 	EXP 	Created sequence: sequential, trialTypes=1, nReps=3, seed=None
28.4643 	EXP 	New trial (rep=0, index=0): None
28.4716 	DATA 	Keypress: return
28.4745 	EXP 	FSGenInsText: autoDraw = False
28.4745 	EXP 	pres_text_practice: height = 0.1
28.4745 	EXP 	pres_text_practice: height = 0.1
28.4745 	EXP 	pres_text_practice: height = 0.1
28.4745 	EXP 	pres_text_practice: text = '3'
28.4745 	EXP 	fixation_2: autoDraw = True
29.4680 	EXP 	pres_text_practice: autoDraw = True
29.4846 	EXP 	fixation_2: autoDraw = False
30.4527 	EXP 	New trial (rep=1, index=0): None
30.4702 	EXP 	pres_text_practice: autoDraw = False
30.4702 	EXP 	fixation_2: autoDraw = False
30.4702 	EXP 	pres_text_practice: autoDraw = False
30.4702 	EXP 	pres_text_practice: height = 0.1
30.4702 	EXP 	pres_text_practice: height = 0.1
30.4702 	EXP 	pres_text_practice: height = 0.1
30.4702 	EXP 	pres_text_practice: text = '4'
30.4702 	EXP 	fixation_2: autoDraw = True
31.4657 	EXP 	pres_text_practice: autoDraw = True
31.4826 	EXP 	fixation_2: autoDraw = False
32.4650 	EXP 	New trial (rep=2, index=0): None
32.4810 	EXP 	fixation_2: autoDraw = False
32.4810 	EXP 	pres_text_practice: autoDraw = False
32.4810 	EXP 	pres_text_practice: height = 0.1
32.4810 	EXP 	pres_text_practice: height = 0.1
32.4810 	EXP 	pres_text_practice: height = 0.1
32.4810 	EXP 	pres_text_practice: text = '2'
32.4810 	EXP 	fixation_2: autoDraw = True
33.4627 	EXP 	pres_text_practice: autoDraw = True
33.4963 	EXP 	fixation_2: autoDraw = False
34.6176 	EXP 	fixation_2: autoDraw = False
34.6176 	EXP 	pres_text_practice: autoDraw = False
34.6176 	EXP 	recall_txtPractice: autoDraw = True
34.6176 	EXP 	textboxPractice: autoDraw = True
34.6176 	EXP 	cont_buttonPractice: autoDraw = True
44.9935 	DATA 	Keypress: 3
45.3672 	DATA 	Keypress: 2
45.5993 	DATA 	Keypress: 4
50.2377 	DATA 	Mouse: wheel shift=(0,-1), pos=(0,529)
55.4257 	DATA 	Keypress: space
56.3294 	DATA 	Mouse: Left button down, pos=(247,562)
56.4122 	DATA 	Mouse:  Left button up, pos=(247,562)
57.2107 	DATA 	Mouse: Left button down, pos=(181,298)
57.2970 	DATA 	Mouse:  Left button up, pos=(181,298)
60.3791 	DATA 	Keypress: return
61.7793 	DATA 	Keypress: backspace
71.4228 	DATA 	Mouse: Left button down, pos=(134,169)
71.4778 	DATA 	Mouse:  Left button up, pos=(134,169)
71.6443 	DATA 	Mouse: Left button down, pos=(134,169)
71.7396 	DATA 	Mouse:  Left button up, pos=(134,169)
72.3676 	DATA 	Mouse: Left button down, pos=(134,169)
72.4738 	DATA 	Mouse:  Left button up, pos=(134,169)
72.6707 	DATA 	Mouse: Left button down, pos=(134,169)
72.7382 	DATA 	Mouse:  Left button up, pos=(134,169)
77.7630 	DATA 	Mouse: Left button down, pos=(12,393)
77.8667 	DATA 	Mouse:  Left button up, pos=(12,393)
77.9639 	DATA 	Mouse: Left button down, pos=(12,393)
78.0464 	DATA 	Mouse:  Left button up, pos=(12,393)
78.1465 	DATA 	Mouse: Left button down, pos=(12,393)
78.2298 	DATA 	Mouse:  Left button up, pos=(12,393)
95.3401 	DATA 	Keypress: escape
97.3261 	EXP 	window1: mouseVisible = True
